This is pdfTeXk, Version 3.141592-1.40.3 (Web2C 7.5.6) (format=pdflatex 2012.1.5)  16 JAN 2012 14:52
entering extended mode
 %&-line parsing enabled.
**caption.ins
(./caption.ins
LaTeX2e <2005/12/01>
Babel <v3.8h> and hyphenation patterns for english, usenglishmax, dumylang, noh
yphenation, arabic, basque, bulgarian, coptic, welsh, czech, slovak, german, ng
erman, danish, esperanto, spanish, catalan, galician, estonian, farsi, finnish,
 french, greek, monogreek, ancientgreek, croatian, hungarian, interlingua, ibyc
us, indonesian, icelandic, italian, latin, mongolian, dutch, norsk, polish, por
tuguese, pinyin, romanian, russian, slovenian, uppersorbian, serbian, swedish, 
turkish, ukenglish, ukrainian, loaded.
(/usr/share/texmf/tex/latex/base/docstrip.tex
\blockLevel=\count79
\emptyLines=\count80
\processedLines=\count81
\commentsRemoved=\count82
\commentsPassed=\count83
\codeLinesPassed=\count84
\TotalprocessedLines=\count85
\TotalcommentsRemoved=\count86
\TotalcommentsPassed=\count87
\TotalcodeLinesPassed=\count88
\NumberOfFiles=\count89
\inFile=\read1
\inputcheck=\read2
\off@0=\count90
\off@1=\count91
\off@2=\count92
\off@3=\count93
\off@4=\count94
\off@5=\count95
\off@6=\count96
\off@7=\count97
\off@8=\count98
\off@9=\count99
\off@10=\count100
\off@11=\count101
\off@12=\count102
\off@13=\count103
\off@14=\count104
\off@15=\count105
\@maxfiles=\count106
\@maxoutfiles=\count107

Utility: `docstrip' 2.5d <2005/07/29>
English documentation    <1999/03/31>

**********************************************************
* This program converts documented macro-files into fast *
* loadable files by stripping off (nearly) all comments! *
**********************************************************

********************************************************
* No Configuration file found, using default settings. *
********************************************************

(./caption.ins

Generating file(s) ./caption.sty 
\openout0 = `./caption.sty'.


Processing file caption.dtx (package) -> caption.sty
File caption.dtx ended by \endinput.
Lines  processed: 4520
Comments removed: 2806
Comments  passed: 4
Codelines passed: 1706


Generating file(s) ./caption2.sty 
\openout0 = `./caption2.sty'.


Processing file caption2.dtx (package) -> caption2.sty
File caption2.dtx ended by \endinput.
Lines  processed: 1382
Comments removed: 949
Comments  passed: 0
Codelines passed: 428


Generating file(s) ./caption3.sty 
\openout0 = `./caption3.sty'.


Processing file caption3.dtx (package) -> caption3.sty
File caption3.dtx ended by \endinput.
Lines  processed: 3672
Comments removed: 2109
Comments  passed: 0
Codelines passed: 1559


Generating file(s) ./bicaption.sty 
\openout0 = `./bicaption.sty'.


Processing file bicaption.dtx (package) -> bicaption.sty
File bicaption.dtx ended by \endinput.
Lines  processed: 1146
Comments removed: 894
Comments  passed: 0
Codelines passed: 248


Generating file(s) ./ltcaption.sty 
\openout0 = `./ltcaption.sty'.


Processing file ltcaption.dtx (package) -> ltcaption.sty
File ltcaption.dtx ended by \endinput.
Lines  processed: 862
Comments removed: 671
Comments  passed: 0
Codelines passed: 187


Generating file(s) ./subcaption.sty 
\openout0 = `./subcaption.sty'.


Processing file subcaption.dtx (package) -> subcaption.sty
File subcaption.dtx ended by \endinput.
Lines  processed: 1114
Comments removed: 981
Comments  passed: 0
Codelines passed: 129


Generating file(s) ./newfloat.sty 
\openout0 = `./newfloat.sty'.


Processing file newfloat.dtx (package) -> newfloat.sty
File newfloat.dtx ended by \endinput.
Lines  processed: 1581
Comments removed: 925
Comments  passed: 1
Codelines passed: 651

***********************************************************
*
* To finish the installation you have to move the files
* `caption.sty', `caption2.sty', 'caption3.sty',
* `bicaption.sty', `ltcaption.sty', `subcaption.sty', and
* `newfloat.sty'
* into a directory searched by TeX.
*
* To produce the documentation run the file
* `caption-eng.tex' (English version) or `caption-rus.tex'
* (Russian version) or `caption-deu.tex' (German version)
* through LaTeX.
*
***********************************************************
)
Overall statistics:
Files  processed: 7
Lines  processed: 14277
Comments removed: 9335
Comments  passed: 5
Codelines passed: 4908
 ) ) 
Here is how much of TeX's memory you used:
 372 strings out of 256216
 4034 string characters out of 1917073
 54079 words of memory out of 1500000
 3744 multiletter control sequences out of 10000+200000
 3640 words of font info for 14 fonts, out of 1200000 for 2000
 645 hyphenation exceptions out of 8191
 15i,0n,15p,286b,120s stack positions out of 5000i,500n,6000p,200000b,15000s

No pages of output.
PDF statistics:
 0 PDF objects out of 1000 (max. 8388607)
 0 named destinations out of 1000 (max. 131072)
 1 words of extra memory for PDF output out of 10000 (max. 10000000)

