This is TeX, Version 3.141592 (Web2C 7.5.6) (format=tex 2009.5.7)  5 OCT 2009 19:17
**geometry.dtx
(./geometry.dtx (/usr/share/texmf-texlive/tex/latex/base/docstrip.tex
\blockLevel=\count26
\emptyLines=\count27
\processedLines=\count28
\commentsRemoved=\count29
\commentsPassed=\count30
\codeLinesPassed=\count31
\TotalprocessedLines=\count32
\TotalcommentsRemoved=\count33
\TotalcommentsPassed=\count34
\TotalcodeLinesPassed=\count35
\NumberOfFiles=\count36
\inFile=\read0
\inputcheck=\read1
\@tempcnta=\count37
\off@0=\count38
\off@1=\count39
\off@2=\count40
\off@3=\count41
\off@4=\count42
\off@5=\count43
\off@6=\count44
\off@7=\count45
\off@8=\count46
\off@9=\count47
\off@10=\count48
\off@11=\count49
\off@12=\count50
\off@13=\count51
\off@14=\count52
\off@15=\count53
\@temptokena=\toks12
\@maxfiles=\count54
\@maxoutfiles=\count55

Utility: `docstrip' 2.5d <2005/07/29>
English documentation    <1999/03/31>

**********************************************************
* This program converts documented macro-files into fast *
* loadable files by stripping off (nearly) all comments! *
**********************************************************

********************************************************
* No Configuration file found, using default settings. *
********************************************************

)
************************************************************************
* Installation
* Package: geometry 2008/12/21 v4.2 Page Geometry
************************************************************************

Generating file(s) geometry.ins geometry.drv geometry.sty geometry.cfg geometry
-samples.tex 
\openout0 = `geometry.ins'.

\openout1 = `geometry.drv'.

\openout2 = `geometry.sty'.

\openout3 = `geometry.cfg'.

\openout4 = `geometry-samples.tex'.


Processing file geometry.dtx (install) -> geometry.ins
                             (driver) -> geometry.drv
                             (package) -> geometry.sty
                             (config) -> geometry.cfg
                             (samples) -> geometry-samples.tex
File geometry.dtx ended by \endinput.
Lines  processed: 3308
Comments removed: 2290
Comments  passed: 0
Codelines passed: 999

************************************************************************
*
* To finish the installation you have to move the following
* file into a directory searched by LaTeX:
*
*    geometry.sty
*
* To produce the documentation run the file `geometry.drv'
* through (PDF)LaTeX.
*
* Happy TeXing!
*
************************************************************************
 )
No pages of output.
