This is pdfTeX, Version 3.1415926-1.40.10 (TeX Live 2009/Debian) (format=latex 2010.5.31)  14 JUL 2010 22:40
entering extended mode
 restricted \write18 enabled.
 %&-line parsing enabled.
**frsample11.tex
(./frsample11.tex
LaTeX2e <2009/09/24>
Babel <v3.8l> and hyphenation patterns for english, usenglishmax, dumylang, noh
yphenation, ibycus, monogreek, greek, ancientgreek, latin, portuguese, spanish,
 galician, catalan, loaded.
(./pictures.tex

LaTeX Warning: File `pslearn.eps' already exists on the system.
               Not generating it from this source.


LaTeX Warning: File `BlackCat.picture' already exists on the system.
               Not generating it from this source.


LaTeX Warning: File `BlackCat2.picture' already exists on the system.
               Not generating it from this source.


LaTeX Warning: File `Mouse.picture' already exists on the system.
               Not generating it from this source.


LaTeX Warning: File `TheCat.picture' already exists on the system.
               Not generating it from this source.


LaTeX Warning: File `BlackDog.picture' already exists on the system.
               Not generating it from this source.


LaTeX Warning: File `Bear.picture' already exists on the system.
               Not generating it from this source.


LaTeX Warning: File `Cat.picture' already exists on the system.
               Not generating it from this source.


LaTeX Warning: File `Cheese.picture' already exists on the system.
               Not generating it from this source.


LaTeX Warning: File `Doll.picture' already exists on the system.
               Not generating it from this source.


LaTeX Warning: File `Horse.picture' already exists on the system.
               Not generating it from this source.


LaTeX Warning: File `TheDog.picture' already exists on the system.
               Not generating it from this source.

) (/usr/share/texmf-texlive/tex/latex/base/book.cls
Document Class: book 2007/10/19 v1.4h Standard LaTeX document class
(/usr/share/texmf-texlive/tex/latex/base/bk10.clo
File: bk10.clo 2007/10/19 v1.4h Standard LaTeX file (size option)
)
\c@part=\count79
\c@chapter=\count80
\c@section=\count81
\c@subsection=\count82
\c@subsubsection=\count83
\c@paragraph=\count84
\c@subparagraph=\count85
\c@figure=\count86
\c@table=\count87
\abovecaptionskip=\skip41
\belowcaptionskip=\skip42
\bibindent=\dimen102
)
(/usr/share/texmf-texlive/tex/latex/tools/calc.sty
Package: calc 2007/08/22 v4.3 Infix arithmetic (KKT,FJ)
\calc@Acount=\count88
\calc@Bcount=\count89
\calc@Adimen=\dimen103
\calc@Bdimen=\dimen104
\calc@Askip=\skip43
\calc@Bskip=\skip44
LaTeX Info: Redefining \setlength on input line 76.
LaTeX Info: Redefining \addtolength on input line 77.
\calc@Ccount=\count90
\calc@Cskip=\skip45
)
(/usr/share/texmf-texlive/tex/latex/tools/tabularx.sty
Package: tabularx 1999/01/07 v2.07 `tabularx' package (DPC)

(/usr/share/texmf-texlive/tex/latex/tools/array.sty
Package: array 2008/09/09 v2.4c Tabular extension package (FMi)
\col@sep=\dimen105
\extrarowheight=\dimen106
\NC@list=\toks14
\extratabsurround=\skip46
\backup@length=\skip47
)
\TX@col@width=\dimen107
\TX@old@table=\dimen108
\TX@old@col=\dimen109
\TX@target=\dimen110
\TX@delta=\dimen111
\TX@cols=\count91
\TX@ftn=\toks15
)
(/usr/share/texmf-texlive/tex/latex/pstricks/pstricks.sty
Package: pstricks 2008/11/26 v0.40 LaTeX wrapper for `PSTricks' (RN,HV)

(/usr/share/texmf-texlive/tex/generic/pstricks/pstricks.tex
`PSTricks' v1.29  <2009/05/19> (tvz)
\pst@dima=\dimen112
\pst@dimb=\dimen113
\pst@dimc=\dimen114
\pst@dimd=\dimen115
\pst@dimg=\dimen116
\pst@dimh=\dimen117
\pst@hbox=\box26
\pst@boxg=\box27
\pst@cnta=\count92
\pst@cntb=\count93
\pst@cntc=\count94
\pst@cntd=\count95
\pst@cntg=\count96
\pst@cnth=\count97
\pst@toks=\toks16
(/usr/share/texmf-texlive/tex/generic/pstricks/pstricks.con)
\psunit=\dimen118
\psxunit=\dimen119
\psyunit=\dimen120
\pslinewidth=\dimen121
\pst@customdefs=\toks17
\pslinearc=\dimen122
\everypsbox=\toks18
\psframesep=\dimen123
\pslabelsep=\dimen124
\pst@shift=\dimen125
\theoverlaybox=\box28
)
File: pstricks.tex 2009/05/19 v1.29 `PSTricks' (tvz,hv)

(/usr/share/texmf/tex/latex/xcolor/xcolor.sty
Package: xcolor 2007/01/21 v2.11 LaTeX color extensions (UK)

(/etc/texmf/tex/latex/config/color.cfg
File: color.cfg 2007/01/18 v1.5 color configuration of teTeX/TeXLive
)
Package xcolor Info: Driver file: dvips.def on input line 225.

(/usr/share/texmf-texlive/tex/latex/graphics/dvips.def
File: dvips.def 1999/02/16 v3.0i Driver-dependant file (DPC,SPQR)
)
Package xcolor Info: Model `cmy' substituted by `cmy0' on input line 1337.
Package xcolor Info: Model `RGB' extended on input line 1353.
Package xcolor Info: Model `HTML' substituted by `rgb' on input line 1355.
Package xcolor Info: Model `Hsb' substituted by `hsb' on input line 1356.
Package xcolor Info: Model `tHsb' substituted by `hsb' on input line 1357.
Package xcolor Info: Model `HSB' substituted by `hsb' on input line 1358.
Package xcolor Info: Model `Gray' substituted by `gray' on input line 1359.
Package xcolor Info: Model `wave' substituted by `hsb' on input line 1360.
))
(/usr/share/texmf-texlive/tex/latex/fancyhdr/fancyhdr.sty
\fancy@headwidth=\skip48
\f@ncyO@elh=\skip49
\f@ncyO@erh=\skip50
\f@ncyO@olh=\skip51
\f@ncyO@orh=\skip52
\f@ncyO@elf=\skip53
\f@ncyO@erf=\skip54
\f@ncyO@olf=\skip55
\f@ncyO@orf=\skip56
)
(/usr/share/texmf-texlive/tex/latex/floatrow/floatrow.sty
Package: floatrow 2008/08/02 v0.3b floatrow: float package extension

(/usr/share/texmf-texlive/tex/latex/graphics/keyval.sty
Package: keyval 1999/03/16 v1.13 key=value parser (DPC)
\KV@toks@=\toks19
)
(/usr/share/texmf-texlive/tex/latex/caption/caption3.sty
Package: caption3 2009/10/09 v3.1k caption3 kernel (AR)
\captionmargin=\dimen126
\captionmargin@=\dimen127
\captionwidth=\dimen128
\caption@indent=\dimen129
\caption@parindent=\dimen130
\caption@hangindent=\dimen131
)
\c@float@type=\count98
\float@exts=\toks20
\float@box=\box29
\@floatcapt=\box30
Package floatrow Info: Modified float package code loaded on input line 455.
Package floatrow Info: Modified rotfloat package code loaded on input line 473.

\FR@everyfloat=\toks21
\flrow@foot=\insert233
\FB@wd=\dimen132
\FBo@wd=\dimen133
\FBc@wd=\dimen134
\FBo@ht=\skip57
\FBc@ht=\skip58
\FBf@ht=\skip59
\FBo@max=\skip60
\FBc@max=\skip61
\FBf@max=\skip62
\c@FBl@b=\count99
\floatbox@depth=\count100
\c@FRobj=\count101
\c@FRsobj=\count102
\Xhsize=\skip63
\sXhsize=\skip64
\Zhsize=\skip65
\sZhsize=\skip66
\flrow@rowbox=\box31
\FR@Zunitlength=\dimen135
\c@FBcnt=\count103
\FPOScnt=\count104
\LTleft=\skip67
\LTright=\skip68
\LTleft=\skip69
\LTright=\skip70
\flrow@types=\toks22
)
(/usr/share/texmf-texlive/tex/latex/floatrow/listpen.sty
Package: listpen 2007/10/28 v0.1d list penalty managing
)
(/usr/share/texmf-texlive/tex/latex/floatrow/fr-fancy.sty
Package: fr-fancy 2007/11/28 v0.1i floatrow: fancy boxes

(/usr/share/texmf-texlive/tex/latex/fancybox/fancybox.sty
Package: fancybox 2000/09/19 1.3

Style option: `fancybox' v1.3 <2000/09/19> (tvz)
\@fancybox=\box32
\shadowsize=\dimen136
\@Sbox=\box33
\do@VerbBox=\toks23
\the@fancyput=\toks24
\this@fancyput=\toks25
\EndVerbatimTokens=\toks26
\Verbatim@Outfile=\write3
\Verbatim@Infile=\read1
)) (/usr/share/texmf-texlive/tex/latex/floatrow/floatpagestyle.sty
Package: floatpagestyle 2005/10/02 v0.1h floating page style
)
\c@textbox=\count105

(/usr/share/texmf-texlive/tex/latex/caption/caption.sty
Package: caption 2009/10/09 v3.1k Customizing captions (AR)
\c@ContinuedFloat=\count106
Package caption Info: float package is loaded.
Package caption Info: floatrow package is loaded.
)
(/usr/share/texmf-texlive/tex/latex/rotating/rotating.sty
Package: rotating 2009/03/28 v2.16a rotated objects in LaTeX

(/usr/share/texmf-texlive/tex/latex/graphics/graphicx.sty
Package: graphicx 1999/02/16 v1.0f Enhanced LaTeX Graphics (DPC,SPQR)

(/usr/share/texmf-texlive/tex/latex/graphics/graphics.sty
Package: graphics 2009/02/05 v1.0o Standard LaTeX Graphics (DPC,SPQR)

(/usr/share/texmf-texlive/tex/latex/graphics/trig.sty
Package: trig 1999/03/16 v1.09 sin cos tan (DPC)
)
(/etc/texmf/tex/latex/config/graphics.cfg
File: graphics.cfg 2009/08/28 v1.8 graphics configuration of TeX Live
)
Package graphics Info: Driver file: dvips.def on input line 91.
)
\Gin@req@height=\dimen137
\Gin@req@width=\dimen138
)
(/usr/share/texmf-texlive/tex/latex/base/ifthen.sty
Package: ifthen 2001/05/26 v1.1c Standard LaTeX ifthen package (DPC)
)
\c@r@tfl@t=\count107
\rotFPtop=\skip71
\rotFPbot=\skip72
\rot@float@box=\box34
\rot@mess@toks=\toks27
)
(/usr/share/texmf-texlive/tex/latex/subfig/subfig.sty
Package: subfig 2005/06/28 ver: 1.3 subfig package
\c@KVtest=\count108
\sf@farskip=\skip73
\sf@captopadj=\dimen139
\sf@capskip=\skip74
\sf@nearskip=\skip75
\c@subfigure=\count109
\c@subfigure@save=\count110
\c@lofdepth=\count111
\c@subtable=\count112
\c@subtable@save=\count113
\c@lotdepth=\count114
\sf@top=\skip76
\sf@bottom=\skip77
)
(/usr/share/texmf-texlive/tex/latex/wrapfig/wrapfig.sty
\wrapoverhang=\dimen140
\WF@size=\dimen141
\c@WF@wrappedlines=\count115
\WF@box=\box35
\WF@everypar=\toks28
Package: wrapfig 2003/01/31  v 3.6
) (./frsample11.aux)
\openout1 = `frsample11.aux'.

LaTeX Font Info:    Checking defaults for OML/cmm/m/it on input line 87.
LaTeX Font Info:    ... okay on input line 87.
LaTeX Font Info:    Checking defaults for T1/cmr/m/n on input line 87.
LaTeX Font Info:    ... okay on input line 87.
LaTeX Font Info:    Checking defaults for OT1/cmr/m/n on input line 87.
LaTeX Font Info:    ... okay on input line 87.
LaTeX Font Info:    Checking defaults for OMS/cmsy/m/n on input line 87.
LaTeX Font Info:    ... okay on input line 87.
LaTeX Font Info:    Checking defaults for OMX/cmex/m/n on input line 87.
LaTeX Font Info:    ... okay on input line 87.
LaTeX Font Info:    Checking defaults for U/cmr/m/n on input line 87.
LaTeX Font Info:    ... okay on input line 87.
Package caption Info: Begin \AtBeginDocument code.
Package caption3 Info: subfig package 1.2 or 1.3 is loaded.
LaTeX Info: Redefining \subref on input line 87.
Package caption Info: rotating package is loaded.
Package caption Info: wrapfig package is loaded.
Package caption Info: End \AtBeginDocument code.
\c@subtextbox=\count116
\c@subtextbox@save=\count117
\c@lordepth=\count118

(/usr/share/texmf-texlive/tex/latex/floatrow/fr-subfig.sty
Package: fr-subfig 2007/12/24 v0.1g (beta) floatrow: additions for subfig
\FBsc@max=\skip78
\FBso@max=\skip79
)
Chapter 1.
LaTeX Font Info:    External font `cmex10' loaded for size
(Font)              <7> on input line 130.
LaTeX Font Info:    External font `cmex10' loaded for size
(Font)              <5> on input line 130.

Overfull \hbox (30.22108pt too wide) in paragraph at lines 127--132
\OT1/cmr/m/sl/10 ject con-tents left aligned ([]\OT1/cmtt/m/n/10 \raggedright\O
T1/cmr/m/sl/10 ), with []\OT1/cmtt/m/n/10 \parindent$[]$\OT1/cmr/m/sl/10 pt, []
\OT1/cmtt/m/n/10 \parskip$[]$\OT1/cmr/m/sl/10 pt.
 []

[1


]
Overfull \hbox (38.24666pt too wide) in paragraph at lines 142--142
[]\OT1/cmtt/m/n/10 \DeclareObjectSet{unindent}{\leftskip12pt\parindent-\leftski
p\parskip2pt}[] 
 []

LaTeX Font Info:    External font `cmex10' loaded for size
(Font)              <8> on input line 159.
LaTeX Font Info:    External font `cmex10' loaded for size
(Font)              <6> on input line 159.
(./fr-sample.tex

Package Fancyhdr Warning: \headheight is too small (12.0pt): 
 Make it at least 14.79994pt.
 We now make it that large for the rest of the document.
 This may cause the page layout to be inconsistent, however.

[2]
LaTeX Font Info:    Font shape `OT1/cmtt/bx/n' in size <10> not available
(Font)              Font shape `OT1/cmtt/m/n' tried instead on input line 38.
 (./BlackCat.picture)
LaTeX Font Info:    External font `cmex10' loaded for size
(Font)              <9> on input line 44.


Package Fancyhdr Warning: \headheight is too small (12.0pt): 
 Make it at least 14.79994pt.
 We now make it that large for the rest of the document.
 This may cause the page layout to be inconsistent, however.

[3

]

Package Fancyhdr Warning: \headheight is too small (12.0pt): 
 Make it at least 14.79994pt.
 We now make it that large for the rest of the document.
 This may cause the page layout to be inconsistent, however.

[4

] (./BlackCat.picture)
Overfull \hbox (1.49992pt too wide) detected at line 76
[] 
 []


Package Fancyhdr Warning: \headheight is too small (12.0pt): 
 Make it at least 14.79994pt.
 We now make it that large for the rest of the document.
 This may cause the page layout to be inconsistent, however.

[5

] (./BlackCat.picture)

Package Fancyhdr Warning: \headheight is too small (12.0pt): 
 Make it at least 14.79994pt.
 We now make it that large for the rest of the document.
 This may cause the page layout to be inconsistent, however.

[6

]

Package Fancyhdr Warning: \headheight is too small (12.0pt): 
 Make it at least 14.79994pt.
 We now make it that large for the rest of the document.
 This may cause the page layout to be inconsistent, however.

[7

] (./TheCat.picture) (./TheCat.picture)
Underfull \hbox (badness 10000) in paragraph at lines 138--138
[]\OT1/cmr/bx/n/9 Figure 1.4. |\OT1/cmr/m/n/9 Float box
 []


Underfull \hbox (badness 5288) in paragraph at lines 138--138
\OT1/cmr/m/n/9 (\OT1/cmtt/m/n/9 \ffigbox\OT1/cmr/m/n/9 ) width of graph-ics.
 []

(./TheCat.picture)
Underfull \hbox (badness 10000) in paragraph at lines 138--138
[]\OT1/cmr/bx/n/9 Figure 1.4. |\OT1/cmr/m/n/9 Float box
 []


Underfull \hbox (badness 5288) in paragraph at lines 138--138
\OT1/cmr/m/n/9 (\OT1/cmtt/m/n/9 \ffigbox\OT1/cmr/m/n/9 ) width of graph-ics.
 []


Package Fancyhdr Warning: \headheight is too small (12.0pt): 
 Make it at least 14.79994pt.
 We now make it that large for the rest of the document.
 This may cause the page layout to be inconsistent, however.

[8

]

LaTeX Warning: Reference `floatbox:beside:fig' on page 9 undefined on input lin
e 197.


LaTeX Warning: Reference `sub@subfig:A' on page 9 undefined on input line 198.


LaTeX Warning: Reference `sub@subfig:B' on page 9 undefined on input line 198.

File: pslearn.eps Graphic file (type eps)
<pslearn.eps>
Underfull \hbox (badness 2334) in paragraph at lines 227--227
[]\OT1/cmr/bx/n/9 (a) |\OT1/cmr/m/n/9 The sim-ple
 []


Underfull \hbox (badness 2334) in paragraph at lines 227--227
[]\OT1/cmr/bx/n/9 (a) |\OT1/cmr/m/n/9 The sim-ple
 []


! LaTeX Error: File `Blackdog.picture' not found.

Type X to quit or <RETURN> to proceed,
or enter new name. (Default extension: picture)

Enter file name: x

! Missing } inserted.
<inserted text> 
                }
l.227 \label{floatbox:beside:fig}}
                                  
I've inserted something that you may have forgotten.
(See the <inserted text> above.)
With luck, this will get me unwedged. But if you
really didn't forget anything, try typing `2' now; then
my insertion and my current dilemma will both disappear.

! Missing \endgroup inserted.
<inserted text> 
                \endgroup 
l.227 \label{floatbox:beside:fig}}
                                  
I've inserted something that you may have forgotten.
(See the <inserted text> above.)
With luck, this will get me unwedged. But if you
really didn't forget anything, try typing `2' now; then
my insertion and my current dilemma will both disappear.

! Missing } inserted.
<inserted text> 
                }
l.227 \label{floatbox:beside:fig}}
                                  
I've inserted something that you may have forgotten.
(See the <inserted text> above.)
With luck, this will get me unwedged. But if you
really didn't forget anything, try typing `2' now; then
my insertion and my current dilemma will both disappear.

! You can't use `\end' in internal vertical mode.
<recently read> \@@end 
                       
l.227 \label{floatbox:beside:fig}}
                                  
Sorry, but I'm not programmed to handle this case;
I'll just pretend that you didn't ask for it.
If you're in the wrong mode, you might be able to
return to the right one by typing `I}' or `I$' or `I\par'.


! LaTeX Error: File `x.picture' not found.

Type X to quit or <RETURN> to proceed,
or enter new name. (Default extension: picture)

Enter file name: 
! Emergency stop.
<read *> 
         
l.227 \label{floatbox:beside:fig}}
                                  ^^M
*** (cannot \read from terminal in nonstop modes)

 
Here is how much of TeX's memory you used:
 4444 strings out of 494900
 60576 string characters out of 1178136
 142868 words of memory out of 3000000
 7581 multiletter control sequences out of 15000+50000
 9936 words of font info for 36 fonts, out of 3000000 for 9000
 101 hyphenation exceptions out of 8191
 37i,18n,48p,300b,643s stack positions out of 30000i,500n,32767p,200000b,50000s
Output written on frsample11.dvi (8 pages, 31368 bytes).
