This is pdfTeX, Version 3.1415926-1.40.10 (TeX Live 2009/Debian) (format=latex 2010.5.31)  14 JUL 2010 22:39
entering extended mode
 restricted \write18 enabled.
 %&-line parsing enabled.
**frsample04.tex
(./frsample04.tex
LaTeX2e <2009/09/24>
Babel <v3.8l> and hyphenation patterns for english, usenglishmax, dumylang, noh
yphenation, ibycus, monogreek, greek, ancientgreek, latin, portuguese, spanish,
 galician, catalan, loaded.
(./pictures.tex

LaTeX Warning: File `pslearn.eps' already exists on the system.
               Not generating it from this source.


LaTeX Warning: File `BlackCat.picture' already exists on the system.
               Not generating it from this source.


LaTeX Warning: File `BlackCat2.picture' already exists on the system.
               Not generating it from this source.


LaTeX Warning: File `Mouse.picture' already exists on the system.
               Not generating it from this source.


LaTeX Warning: File `TheCat.picture' already exists on the system.
               Not generating it from this source.


LaTeX Warning: File `BlackDog.picture' already exists on the system.
               Not generating it from this source.


LaTeX Warning: File `Bear.picture' already exists on the system.
               Not generating it from this source.


LaTeX Warning: File `Cat.picture' already exists on the system.
               Not generating it from this source.


LaTeX Warning: File `Cheese.picture' already exists on the system.
               Not generating it from this source.


LaTeX Warning: File `Doll.picture' already exists on the system.
               Not generating it from this source.


LaTeX Warning: File `Horse.picture' already exists on the system.
               Not generating it from this source.


LaTeX Warning: File `TheDog.picture' already exists on the system.
               Not generating it from this source.

) (/usr/share/texmf-texlive/tex/latex/base/book.cls
Document Class: book 2007/10/19 v1.4h Standard LaTeX document class
(/usr/share/texmf-texlive/tex/latex/base/bk10.clo
File: bk10.clo 2007/10/19 v1.4h Standard LaTeX file (size option)
)
\c@part=\count79
\c@chapter=\count80
\c@section=\count81
\c@subsection=\count82
\c@subsubsection=\count83
\c@paragraph=\count84
\c@subparagraph=\count85
\c@figure=\count86
\c@table=\count87
\abovecaptionskip=\skip41
\belowcaptionskip=\skip42
\bibindent=\dimen102
)
(/usr/share/texmf-texlive/tex/latex/tools/calc.sty
Package: calc 2007/08/22 v4.3 Infix arithmetic (KKT,FJ)
\calc@Acount=\count88
\calc@Bcount=\count89
\calc@Adimen=\dimen103
\calc@Bdimen=\dimen104
\calc@Askip=\skip43
\calc@Bskip=\skip44
LaTeX Info: Redefining \setlength on input line 76.
LaTeX Info: Redefining \addtolength on input line 77.
\calc@Ccount=\count90
\calc@Cskip=\skip45
)
(/usr/share/texmf-texlive/tex/latex/tools/tabularx.sty
Package: tabularx 1999/01/07 v2.07 `tabularx' package (DPC)

(/usr/share/texmf-texlive/tex/latex/tools/array.sty
Package: array 2008/09/09 v2.4c Tabular extension package (FMi)
\col@sep=\dimen105
\extrarowheight=\dimen106
\NC@list=\toks14
\extratabsurround=\skip46
\backup@length=\skip47
)
\TX@col@width=\dimen107
\TX@old@table=\dimen108
\TX@old@col=\dimen109
\TX@target=\dimen110
\TX@delta=\dimen111
\TX@cols=\count91
\TX@ftn=\toks15
)
(/usr/share/texmf-texlive/tex/latex/graphics/graphicx.sty
Package: graphicx 1999/02/16 v1.0f Enhanced LaTeX Graphics (DPC,SPQR)

(/usr/share/texmf-texlive/tex/latex/graphics/keyval.sty
Package: keyval 1999/03/16 v1.13 key=value parser (DPC)
\KV@toks@=\toks16
)
(/usr/share/texmf-texlive/tex/latex/graphics/graphics.sty
Package: graphics 2009/02/05 v1.0o Standard LaTeX Graphics (DPC,SPQR)

(/usr/share/texmf-texlive/tex/latex/graphics/trig.sty
Package: trig 1999/03/16 v1.09 sin cos tan (DPC)
)
(/etc/texmf/tex/latex/config/graphics.cfg
File: graphics.cfg 2009/08/28 v1.8 graphics configuration of TeX Live
)
Package graphics Info: Driver file: dvips.def on input line 91.

(/usr/share/texmf-texlive/tex/latex/graphics/dvips.def
File: dvips.def 1999/02/16 v3.0i Driver-dependant file (DPC,SPQR)
))
\Gin@req@height=\dimen112
\Gin@req@width=\dimen113
)
(/usr/share/texmf-texlive/tex/latex/pstricks/pstricks.sty
Package: pstricks 2008/11/26 v0.40 LaTeX wrapper for `PSTricks' (RN,HV)

(/usr/share/texmf-texlive/tex/generic/pstricks/pstricks.tex
`PSTricks' v1.29  <2009/05/19> (tvz)
\pst@dima=\dimen114
\pst@dimb=\dimen115
\pst@dimc=\dimen116
\pst@dimd=\dimen117
\pst@dimg=\dimen118
\pst@dimh=\dimen119
\pst@hbox=\box26
\pst@boxg=\box27
\pst@cnta=\count92
\pst@cntb=\count93
\pst@cntc=\count94
\pst@cntd=\count95
\pst@cntg=\count96
\pst@cnth=\count97
\pst@toks=\toks17
(/usr/share/texmf-texlive/tex/generic/pstricks/pstricks.con)
\psunit=\dimen120
\psxunit=\dimen121
\psyunit=\dimen122
\pslinewidth=\dimen123
\pst@customdefs=\toks18
\pslinearc=\dimen124
\everypsbox=\toks19
\psframesep=\dimen125
\pslabelsep=\dimen126
\pst@shift=\dimen127
\theoverlaybox=\box28
)
File: pstricks.tex 2009/05/19 v1.29 `PSTricks' (tvz,hv)

(/usr/share/texmf/tex/latex/xcolor/xcolor.sty
Package: xcolor 2007/01/21 v2.11 LaTeX color extensions (UK)

(/etc/texmf/tex/latex/config/color.cfg
File: color.cfg 2007/01/18 v1.5 color configuration of teTeX/TeXLive
)
Package xcolor Info: Driver file: dvips.def on input line 225.
Package xcolor Info: Model `cmy' substituted by `cmy0' on input line 1337.
Package xcolor Info: Model `RGB' extended on input line 1353.
Package xcolor Info: Model `HTML' substituted by `rgb' on input line 1355.
Package xcolor Info: Model `Hsb' substituted by `hsb' on input line 1356.
Package xcolor Info: Model `tHsb' substituted by `hsb' on input line 1357.
Package xcolor Info: Model `HSB' substituted by `hsb' on input line 1358.
Package xcolor Info: Model `Gray' substituted by `gray' on input line 1359.
Package xcolor Info: Model `wave' substituted by `hsb' on input line 1360.
))
(/usr/share/texmf-texlive/tex/latex/fancyhdr/fancyhdr.sty
\fancy@headwidth=\skip48
\f@ncyO@elh=\skip49
\f@ncyO@erh=\skip50
\f@ncyO@olh=\skip51
\f@ncyO@orh=\skip52
\f@ncyO@elf=\skip53
\f@ncyO@erf=\skip54
\f@ncyO@olf=\skip55
\f@ncyO@orf=\skip56
)
(/usr/share/texmf-texlive/tex/latex/floatrow/floatrow.sty
Package: floatrow 2008/08/02 v0.3b floatrow: float package extension

(/usr/share/texmf-texlive/tex/latex/caption/caption3.sty
Package: caption3 2009/10/09 v3.1k caption3 kernel (AR)
\captionmargin=\dimen128
\captionmargin@=\dimen129
\captionwidth=\dimen130
\caption@indent=\dimen131
\caption@parindent=\dimen132
\caption@hangindent=\dimen133
)
\c@float@type=\count98
\float@exts=\toks20
\float@box=\box29
\@floatcapt=\box30
Package floatrow Info: Modified float package code loaded on input line 455.
Package floatrow Info: Modified rotfloat package code loaded on input line 473.

\FR@everyfloat=\toks21
\flrow@foot=\insert233
\FB@wd=\dimen134
\FBo@wd=\dimen135
\FBc@wd=\dimen136
\FBo@ht=\skip57
\FBc@ht=\skip58
\FBf@ht=\skip59
\FBo@max=\skip60
\FBc@max=\skip61
\FBf@max=\skip62
\c@FBl@b=\count99
\floatbox@depth=\count100
\c@FRobj=\count101
\c@FRsobj=\count102
\Xhsize=\skip63
\sXhsize=\skip64
\Zhsize=\skip65
\sZhsize=\skip66
\flrow@rowbox=\box31
\FR@Zunitlength=\dimen137
\c@FBcnt=\count103
\FPOScnt=\count104
\LTleft=\skip67
\LTright=\skip68
\LTleft=\skip69
\LTright=\skip70
\flrow@types=\toks22
)
(/usr/share/texmf-texlive/tex/latex/caption/caption.sty
Package: caption 2009/10/09 v3.1k Customizing captions (AR)
\c@ContinuedFloat=\count105
Package caption Info: float package is loaded.
Package caption Info: floatrow package is loaded.
)
\c@textbox=\count106
 (./frsample04.aux)
\openout1 = `frsample04.aux'.

LaTeX Font Info:    Checking defaults for OML/cmm/m/it on input line 89.
LaTeX Font Info:    ... okay on input line 89.
LaTeX Font Info:    Checking defaults for T1/cmr/m/n on input line 89.
LaTeX Font Info:    ... okay on input line 89.
LaTeX Font Info:    Checking defaults for OT1/cmr/m/n on input line 89.
LaTeX Font Info:    ... okay on input line 89.
LaTeX Font Info:    Checking defaults for OMS/cmsy/m/n on input line 89.
LaTeX Font Info:    ... okay on input line 89.
LaTeX Font Info:    Checking defaults for OMX/cmex/m/n on input line 89.
LaTeX Font Info:    ... okay on input line 89.
LaTeX Font Info:    Checking defaults for U/cmr/m/n on input line 89.
LaTeX Font Info:    ... okay on input line 89.
Package caption Info: Begin \AtBeginDocument code.
Package caption Info: End \AtBeginDocument code.

Chapter 1.
[1


]
LaTeX Font Info:    External font `cmex10' loaded for size
(Font)              <7> on input line 173.
LaTeX Font Info:    External font `cmex10' loaded for size
(Font)              <5> on input line 173.

Overfull \hbox (18.65256pt too wide) has occurred while \output is active
\OT1/cmr/m/sl/10 CHAPTER 1.  BESIDE AND OTHER CAPTIONS (BETA-VERSION EXAMPLE) 
 []


Package Fancyhdr Warning: \headheight is too small (12.0pt): 
 Make it at least 14.79994pt.
 We now make it that large for the rest of the document.
 This may cause the page layout to be inconsistent, however.

[2]
LaTeX Font Info:    Font shape `OT1/cmtt/bx/n' in size <10> not available
(Font)              Font shape `OT1/cmtt/m/n' tried instead on input line 211.
 (./BlackCat.picture)

Package Fancyhdr Warning: \headheight is too small (12.0pt): 
 Make it at least 14.79994pt.
 We now make it that large for the rest of the document.
 This may cause the page layout to be inconsistent, however.

[3

]
Overfull \hbox (1.42868pt too wide) in paragraph at lines 233--234
[]\OT1/cmr/bx/n/10 Example of plain \OT1/cmtt/m/n/10 textbox \OT1/cmr/bx/n/10 e
n-vi-ron-ment (text 1.2[]) with de-fined width 
 []


Overfull \hbox (11.02306pt too wide) detected at line 244
 []  
 []


Overfull \hbox (18.65256pt too wide) has occurred while \output is active
\OT1/cmr/m/sl/10 CHAPTER 1.  BESIDE AND OTHER CAPTIONS (BETA-VERSION EXAMPLE) 
 []


Package Fancyhdr Warning: \headheight is too small (12.0pt): 
 Make it at least 14.79994pt.
 We now make it that large for the rest of the document.
 This may cause the page layout to be inconsistent, however.

[4]
Overfull \hbox (1.42868pt too wide) in paragraph at lines 249--250
[]\OT1/cmr/bx/n/10 Example of plain \OT1/cmtt/m/n/10 textbox \OT1/cmr/bx/n/10 e
n-vi-ron-ment (text 1.3[]) with de-fined width 
 []


Package Fancyhdr Warning: \headheight is too small (12.0pt): 
 Make it at least 14.79994pt.
 We now make it that large for the rest of the document.
 This may cause the page layout to be inconsistent, however.

[5] (./BlackCat.picture)
Overfull \hbox (18.65256pt too wide) has occurred while \output is active
\OT1/cmr/m/sl/10 CHAPTER 1.  BESIDE AND OTHER CAPTIONS (BETA-VERSION EXAMPLE) 
 []


Package Fancyhdr Warning: \headheight is too small (12.0pt): 
 Make it at least 14.79994pt.
 We now make it that large for the rest of the document.
 This may cause the page layout to be inconsistent, however.

[6] (./BlackCat.picture)

Package Fancyhdr Warning: \headheight is too small (12.0pt): 
 Make it at least 14.79994pt.
 We now make it that large for the rest of the document.
 This may cause the page layout to be inconsistent, however.

[7] (./BlackCat.picture)
Overfull \hbox (18.65256pt too wide) has occurred while \output is active
\OT1/cmr/m/sl/10 CHAPTER 1.  BESIDE AND OTHER CAPTIONS (BETA-VERSION EXAMPLE) 
 []


Package Fancyhdr Warning: \headheight is too small (12.0pt): 
 Make it at least 14.79994pt.
 We now make it that large for the rest of the document.
 This may cause the page layout to be inconsistent, however.

[8]

Package Fancyhdr Warning: \headheight is too small (12.0pt): 
 Make it at least 14.79994pt.
 We now make it that large for the rest of the document.
 This may cause the page layout to be inconsistent, however.

[9] (./TheCat.picture) (./TheCat.picture) (./TheCat.picture)
Underfull \vbox (badness 10000) has occurred while \output is active []


Overfull \hbox (18.65256pt too wide) has occurred while \output is active
\OT1/cmr/m/sl/10 CHAPTER 1.  BESIDE AND OTHER CAPTIONS (BETA-VERSION EXAMPLE) 
 []


Package Fancyhdr Warning: \headheight is too small (12.0pt): 
 Make it at least 14.79994pt.
 We now make it that large for the rest of the document.
 This may cause the page layout to be inconsistent, however.

[10] (./TheCat.picture) (./TheCat.picture) (./TheCat.picture)

Package Fancyhdr Warning: \headheight is too small (12.0pt): 
 Make it at least 14.79994pt.
 We now make it that large for the rest of the document.
 This may cause the page layout to be inconsistent, however.

[11] (./frsample04.aux) ) 
Here is how much of TeX's memory you used:
 3827 strings out of 494900
 51810 string characters out of 1178136
 144314 words of memory out of 3000000
 7001 multiletter control sequences out of 15000+50000
 6325 words of font info for 24 fonts, out of 3000000 for 9000
 101 hyphenation exceptions out of 8191
 37i,19n,43p,272b,758s stack positions out of 30000i,500n,32767p,200000b,50000s

Output written on frsample04.dvi (11 pages, 64484 bytes).
