This is pdfTeX, Version 3.1415926-1.40.10 (TeX Live 2009/Debian) (format=latex 2010.5.31)  14 JUL 2010 22:39
entering extended mode
 restricted \write18 enabled.
 %&-line parsing enabled.
**frsample07.tex
(./frsample07.tex
LaTeX2e <2009/09/24>
Babel <v3.8l> and hyphenation patterns for english, usenglishmax, dumylang, noh
yphenation, ibycus, monogreek, greek, ancientgreek, latin, portuguese, spanish,
 galician, catalan, loaded.
(./pictures.tex

LaTeX Warning: File `pslearn.eps' already exists on the system.
               Not generating it from this source.


LaTeX Warning: File `BlackCat.picture' already exists on the system.
               Not generating it from this source.


LaTeX Warning: File `BlackCat2.picture' already exists on the system.
               Not generating it from this source.


LaTeX Warning: File `Mouse.picture' already exists on the system.
               Not generating it from this source.


LaTeX Warning: File `TheCat.picture' already exists on the system.
               Not generating it from this source.


LaTeX Warning: File `BlackDog.picture' already exists on the system.
               Not generating it from this source.


LaTeX Warning: File `Bear.picture' already exists on the system.
               Not generating it from this source.


LaTeX Warning: File `Cat.picture' already exists on the system.
               Not generating it from this source.


LaTeX Warning: File `Cheese.picture' already exists on the system.
               Not generating it from this source.


LaTeX Warning: File `Doll.picture' already exists on the system.
               Not generating it from this source.


LaTeX Warning: File `Horse.picture' already exists on the system.
               Not generating it from this source.


LaTeX Warning: File `TheDog.picture' already exists on the system.
               Not generating it from this source.

) (/usr/share/texmf-texlive/tex/latex/base/book.cls
Document Class: book 2007/10/19 v1.4h Standard LaTeX document class
(/usr/share/texmf-texlive/tex/latex/base/bk10.clo
File: bk10.clo 2007/10/19 v1.4h Standard LaTeX file (size option)
)
\c@part=\count79
\c@chapter=\count80
\c@section=\count81
\c@subsection=\count82
\c@subsubsection=\count83
\c@paragraph=\count84
\c@subparagraph=\count85
\c@figure=\count86
\c@table=\count87
\abovecaptionskip=\skip41
\belowcaptionskip=\skip42
\bibindent=\dimen102
)
(/usr/share/texmf-texlive/tex/latex/tools/calc.sty
Package: calc 2007/08/22 v4.3 Infix arithmetic (KKT,FJ)
\calc@Acount=\count88
\calc@Bcount=\count89
\calc@Adimen=\dimen103
\calc@Bdimen=\dimen104
\calc@Askip=\skip43
\calc@Bskip=\skip44
LaTeX Info: Redefining \setlength on input line 76.
LaTeX Info: Redefining \addtolength on input line 77.
\calc@Ccount=\count90
\calc@Cskip=\skip45
)
(/usr/share/texmf-texlive/tex/latex/floatrow/listpen.sty
Package: listpen 2007/10/28 v0.1d list penalty managing
)
(/usr/share/texmf-texlive/tex/latex/tools/tabularx.sty
Package: tabularx 1999/01/07 v2.07 `tabularx' package (DPC)

(/usr/share/texmf-texlive/tex/latex/tools/array.sty
Package: array 2008/09/09 v2.4c Tabular extension package (FMi)
\col@sep=\dimen105
\extrarowheight=\dimen106
\NC@list=\toks14
\extratabsurround=\skip46
\backup@length=\skip47
)
\TX@col@width=\dimen107
\TX@old@table=\dimen108
\TX@old@col=\dimen109
\TX@target=\dimen110
\TX@delta=\dimen111
\TX@cols=\count91
\TX@ftn=\toks15
)
(/usr/share/texmf-texlive/tex/latex/floatrow/floatpagestyle.sty
Package: floatpagestyle 2005/10/02 v0.1h floating page style
)
(/usr/share/texmf-texlive/tex/latex/graphics/graphicx.sty
Package: graphicx 1999/02/16 v1.0f Enhanced LaTeX Graphics (DPC,SPQR)

(/usr/share/texmf-texlive/tex/latex/graphics/keyval.sty
Package: keyval 1999/03/16 v1.13 key=value parser (DPC)
\KV@toks@=\toks16
)
(/usr/share/texmf-texlive/tex/latex/graphics/graphics.sty
Package: graphics 2009/02/05 v1.0o Standard LaTeX Graphics (DPC,SPQR)

(/usr/share/texmf-texlive/tex/latex/graphics/trig.sty
Package: trig 1999/03/16 v1.09 sin cos tan (DPC)
)
(/etc/texmf/tex/latex/config/graphics.cfg
File: graphics.cfg 2009/08/28 v1.8 graphics configuration of TeX Live
)
Package graphics Info: Driver file: dvips.def on input line 91.

(/usr/share/texmf-texlive/tex/latex/graphics/dvips.def
File: dvips.def 1999/02/16 v3.0i Driver-dependant file (DPC,SPQR)
))
\Gin@req@height=\dimen112
\Gin@req@width=\dimen113
)
(/usr/share/texmf-texlive/tex/latex/graphics/color.sty
Package: color 2005/11/14 v1.0j Standard LaTeX Color (DPC)

(/etc/texmf/tex/latex/config/color.cfg
File: color.cfg 2007/01/18 v1.5 color configuration of teTeX/TeXLive
)
Package color Info: Driver file: dvips.def on input line 130.

(/usr/share/texmf-texlive/tex/latex/graphics/dvipsnam.def
File: dvipsnam.def 1999/02/16 v3.0i Driver-dependant file (DPC,SPQR)
))
(/usr/share/texmf-texlive/tex/latex/fancyhdr/fancyhdr.sty
\fancy@headwidth=\skip48
\f@ncyO@elh=\skip49
\f@ncyO@erh=\skip50
\f@ncyO@olh=\skip51
\f@ncyO@orh=\skip52
\f@ncyO@elf=\skip53
\f@ncyO@erf=\skip54
\f@ncyO@olf=\skip55
\f@ncyO@orf=\skip56
)
(/usr/share/texmf-texlive/tex/latex/caption/caption.sty
Package: caption 2009/10/09 v3.1k Customizing captions (AR)

(/usr/share/texmf-texlive/tex/latex/caption/caption3.sty
Package: caption3 2009/10/09 v3.1k caption3 kernel (AR)
\captionmargin=\dimen114
\captionmargin@=\dimen115
\captionwidth=\dimen116
\caption@indent=\dimen117
\caption@parindent=\dimen118
\caption@hangindent=\dimen119
)
\c@ContinuedFloat=\count92
)
(/usr/share/texmf-texlive/tex/latex/floatrow/floatrow.sty
Package: floatrow 2008/08/02 v0.3b floatrow: float package extension
\c@float@type=\count93
\float@exts=\toks17
\float@box=\box26
\@floatcapt=\box27
Package floatrow Info: Modified float package code loaded on input line 455.
Package floatrow Info: Modified rotfloat package code loaded on input line 473.

\FR@everyfloat=\toks18
\flrow@foot=\insert233
\FB@wd=\dimen120
\FBo@wd=\dimen121
\FBc@wd=\dimen122
\FBo@ht=\skip57
\FBc@ht=\skip58
\FBf@ht=\skip59
\FBo@max=\skip60
\FBc@max=\skip61
\FBf@max=\skip62
\c@FBl@b=\count94
\floatbox@depth=\count95
\c@FRobj=\count96
\c@FRsobj=\count97
\Xhsize=\skip63
\sXhsize=\skip64
\Zhsize=\skip65
\sZhsize=\skip66
\flrow@rowbox=\box28
\FR@Zunitlength=\dimen123
\c@FBcnt=\count98
\FPOScnt=\count99
\LTleft=\skip67
\LTright=\skip68
\LTleft=\skip69
\LTright=\skip70
\flrow@types=\toks19
)
(/usr/share/texmf-texlive/tex/latex/floatrow/fr-fancy.sty
Package: fr-fancy 2007/11/28 v0.1i floatrow: fancy boxes

(/usr/share/texmf-texlive/tex/latex/fancybox/fancybox.sty
Package: fancybox 2000/09/19 1.3

Style option: `fancybox' v1.3 <2000/09/19> (tvz)
\@fancybox=\box29
\shadowsize=\dimen124
\@Sbox=\box30
\do@VerbBox=\toks20
\the@fancyput=\toks21
\this@fancyput=\toks22
\EndVerbatimTokens=\toks23
\Verbatim@Outfile=\write3
\Verbatim@Infile=\read1
))
\c@textbox=\count100
 (./frsample07.aux

LaTeX Warning: Label `leftfig:BOXED:valigned:outrowbox' multiply defined.


LaTeX Warning: Label `leftfig:BOXED:valigned:widerowbox2' multiply defined.


LaTeX Warning: Label `rightfig:BOXED:valigned:widerowbox2' multiply defined.


LaTeX Warning: Label `leftfig:BOXED:valigned:widerowbox2' multiply defined.


LaTeX Warning: Label `rightfig:BOXED:valigned:widerowbox2' multiply defined.


LaTeX Warning: Label `leftfig:BOXED:valigned:widerowbox2' multiply defined.


LaTeX Warning: Label `rightfig:BOXED:valigned:widerowbox2' multiply defined.


LaTeX Warning: Label `leftfig:BOXED:valigned:widerowbox2' multiply defined.


LaTeX Warning: Label `rightfig:BOXED:valigned:widerowbox2' multiply defined.


LaTeX Warning: Label `row:text:I' multiply defined.


LaTeX Warning: Label `row:text:II' multiply defined.

)
\openout1 = `frsample07.aux'.

LaTeX Font Info:    Checking defaults for OML/cmm/m/it on input line 130.
LaTeX Font Info:    ... okay on input line 130.
LaTeX Font Info:    Checking defaults for T1/cmr/m/n on input line 130.
LaTeX Font Info:    ... okay on input line 130.
LaTeX Font Info:    Checking defaults for OT1/cmr/m/n on input line 130.
LaTeX Font Info:    ... okay on input line 130.
LaTeX Font Info:    Checking defaults for OMS/cmsy/m/n on input line 130.
LaTeX Font Info:    ... okay on input line 130.
LaTeX Font Info:    Checking defaults for OMX/cmex/m/n on input line 130.
LaTeX Font Info:    ... okay on input line 130.
LaTeX Font Info:    Checking defaults for U/cmr/m/n on input line 130.
LaTeX Font Info:    ... okay on input line 130.
Package caption Info: Begin \AtBeginDocument code.
Package caption Info: float package is loaded.
Package caption Info: floatrow package is loaded.
Package caption Info: End \AtBeginDocument code.
 (./TheDog.picture) (./TheDog.picture) (./TheCat.picture) (./TheCat.picture)
(./TheCat.picture)
Underfull \hbox (badness 10000) in paragraph at lines 153--153
[][]\OT1/cmr/bx/n/9 Figure 3.
 []


Underfull \hbox (badness 10000) in paragraph at lines 153--153
|\OT1/cmr/m/n/9 Fig-ure III
 []


Underfull \hbox (badness 10000) in paragraph at lines 153--153
\OT1/cmr/m/n/9 in the row,
 []


Underfull \hbox (badness 10000) in paragraph at lines 153--153
\OT1/cmr/m/n/9 float's width
 []


Underfull \hbox (badness 4846) in paragraph at lines 153--153
\OT1/cmr/m/n/9 box has the
 []

(./Mouse.picture)
Underfull \hbox (badness 10000) in paragraph at lines 153--153
[][]\OT1/cmr/bx/n/9 Figure 3.
 []


Underfull \hbox (badness 10000) in paragraph at lines 153--153
|\OT1/cmr/m/n/9 Fig-ure III
 []


Underfull \hbox (badness 10000) in paragraph at lines 153--153
\OT1/cmr/m/n/9 in the row,
 []


Underfull \hbox (badness 10000) in paragraph at lines 153--153
\OT1/cmr/m/n/9 float's width
 []


Underfull \hbox (badness 4846) in paragraph at lines 153--153
\OT1/cmr/m/n/9 box has the
 []

(./Mouse.picture)
Underfull \hbox (badness 10000) in paragraph at lines 158--158
[][]\OT1/cmr/bx/n/9 Figure 4.
 []


Underfull \hbox (badness 10000) in paragraph at lines 158--158
|\OT1/cmr/m/n/9 Fig-ure IV
 []


Underfull \hbox (badness 10000) in paragraph at lines 158--158
\OT1/cmr/m/n/9 in the row,
 []


Underfull \hbox (badness 10000) in paragraph at lines 158--158
\OT1/cmr/m/n/9 oc-cu-pies the
 []


Underfull \hbox (badness 1796) in paragraph at lines 158--158
\OT1/cmr/m/n/9 rest space of
 []

(./Cheese.picture

LaTeX Warning: \oval, \circle, or \line size unavailable on input line 19.


LaTeX Warning: \oval, \circle, or \line size unavailable on input line 19.


LaTeX Warning: \oval, \circle, or \line size unavailable on input line 19.


LaTeX Warning: \oval, \circle, or \line size unavailable on input line 19.

)
Underfull \hbox (badness 10000) in paragraph at lines 158--158
[][]\OT1/cmr/bx/n/9 Figure 4.
 []


Underfull \hbox (badness 10000) in paragraph at lines 158--158
|\OT1/cmr/m/n/9 Fig-ure IV
 []


Underfull \hbox (badness 10000) in paragraph at lines 158--158
\OT1/cmr/m/n/9 in the row,
 []


Underfull \hbox (badness 10000) in paragraph at lines 158--158
\OT1/cmr/m/n/9 oc-cu-pies the
 []


Underfull \hbox (badness 1796) in paragraph at lines 158--158
\OT1/cmr/m/n/9 rest space of
 []

(./Cheese.picture

LaTeX Warning: \oval, \circle, or \line size unavailable on input line 19.


LaTeX Warning: \oval, \circle, or \line size unavailable on input line 19.


LaTeX Warning: \oval, \circle, or \line size unavailable on input line 19.


LaTeX Warning: \oval, \circle, or \line size unavailable on input line 19.

)
LaTeX Font Info:    External font `cmex10' loaded for size
(Font)              <7> on input line 167.
LaTeX Font Info:    External font `cmex10' loaded for size
(Font)              <5> on input line 167.

Overfull \hbox (78.5975pt too wide) has occurred while \output is active
[]|  [] 
 []


Package Fancyhdr Warning: \headheight is too small (12.0pt): 
 Make it at least 27.79994pt.
 We now make it that large for the rest of the document.
 This may cause the page layout to be inconsistent, however.

[1

] (./BlackCat.picture) (./BlackCat.picture) (./BlackCat.picture)
(./Cat.picture) (./Cat.picture) (./Cat.picture)
Overfull \hbox (78.5975pt too wide) has occurred while \output is active
[]|  [] 
 []


Package Fancyhdr Warning: \headheight is too small (12.0pt): 
 Make it at least 27.79994pt.
 We now make it that large for the rest of the document.
 This may cause the page layout to be inconsistent, however.

[2

] (./BlackCat.picture) (./BlackCat.picture)
Overfull \hbox (78.5975pt too wide) has occurred while \output is active
[]|  [] 
 []


Package Fancyhdr Warning: \headheight is too small (12.0pt): 
 Make it at least 27.79994pt.
 We now make it that large for the rest of the document.
 This may cause the page layout to be inconsistent, however.

[3

] (./BlackCat.picture) (./BlackCat.picture) (./BlackCat.picture)
Underfull \hbox (badness 10000) detected at line 203
  []
 []


Overfull \hbox (78.5975pt too wide) has occurred while \output is active
[]|  [] 
 []


Package Fancyhdr Warning: \headheight is too small (12.0pt): 
 Make it at least 27.79994pt.
 We now make it that large for the rest of the document.
 This may cause the page layout to be inconsistent, however.

[4

] (./BlackCat.picture) (./BlackCat.picture) (./BlackCat.picture)
(./Cat.picture) (./Cat.picture) (./Cat.picture)
Overfull \hbox (78.5975pt too wide) has occurred while \output is active
[]|  [] 
 []


Package Fancyhdr Warning: \headheight is too small (12.0pt): 
 Make it at least 27.79994pt.
 We now make it that large for the rest of the document.
 This may cause the page layout to be inconsistent, however.

[5

] (./BlackCat.picture) (./BlackCat.picture) (./BlackCat.picture)
(./Cat.picture) (./Cat.picture) (./Cat.picture)
Overfull \hbox (78.5975pt too wide) has occurred while \output is active
[]|  [] 
 []


Package Fancyhdr Warning: \headheight is too small (12.0pt): 
 Make it at least 27.79994pt.
 We now make it that large for the rest of the document.
 This may cause the page layout to be inconsistent, however.

[6

] (./BlackCat.picture) (./BlackCat.picture) (./BlackCat.picture)
(./Cat.picture) (./Cat.picture) (./Cat.picture)
Overfull \hbox (78.5975pt too wide) has occurred while \output is active
[]|  [] 
 []


Package Fancyhdr Warning: \headheight is too small (12.0pt): 
 Make it at least 27.79994pt.
 We now make it that large for the rest of the document.
 This may cause the page layout to be inconsistent, however.

[7

] (./BlackCat.picture) (./BlackCat.picture) (./BlackCat.picture)
(./Cat.picture) (./Cat.picture) (./Cat.picture)
Overfull \hbox (78.5975pt too wide) has occurred while \output is active
[]|  [] 
 []


Package Fancyhdr Warning: \headheight is too small (12.0pt): 
 Make it at least 27.79994pt.
 We now make it that large for the rest of the document.
 This may cause the page layout to be inconsistent, however.

[8

] (./BlackCat.picture) (./BlackCat.picture) (./BlackCat.picture)
(./Cat.picture) (./Cat.picture) (./Cat.picture)
Overfull \hbox (78.5975pt too wide) has occurred while \output is active
[]|  [] 
 []


Package Fancyhdr Warning: \headheight is too small (12.0pt): 
 Make it at least 27.79994pt.
 We now make it that large for the rest of the document.
 This may cause the page layout to be inconsistent, however.

[9

] (./BlackCat.picture) (./BlackCat.picture) (./BlackCat.picture)

LaTeX Warning: Reference `leftfig:BOXED:valigned:rowbox' on page 10 undefined o
n input line 327.


LaTeX Warning: Reference `rightfig:BOXED:valigned:rowbox' on page 10 undefined 
on input line 327.


Overfull \hbox (78.5975pt too wide) has occurred while \output is active
[]|  [] 
 []


Package Fancyhdr Warning: \headheight is too small (12.0pt): 
 Make it at least 27.79994pt.
 We now make it that large for the rest of the document.
 This may cause the page layout to be inconsistent, however.

[10

]
LaTeX Font Info:    External font `cmex10' loaded for size
(Font)              <8> on input line 401.
LaTeX Font Info:    External font `cmex10' loaded for size
(Font)              <6> on input line 401.

Overfull \hbox (78.5975pt too wide) has occurred while \output is active
[]|  [] 
 []


Package Fancyhdr Warning: \headheight is too small (12.0pt): 
 Make it at least 27.79994pt.
 We now make it that large for the rest of the document.
 This may cause the page layout to be inconsistent, however.

[11

]
Overfull \hbox (12.4359pt too wide) in paragraph at lines 444--444
[][]\OT1/cmr/bx/n/9 Figure 20|| 
 []


Overfull \hbox (12.4359pt too wide) in paragraph at lines 444--444
[][]\OT1/cmr/bx/n/9 Figure 20|| 
 []


Overfull \hbox (21.22252pt too wide) in paragraph at lines 444--444
[][]\OT1/cmr/bx/n/9 Figure 20|| 
 []


Overfull \hbox (21.22252pt too wide) in paragraph at lines 444--444
[][]\OT1/cmr/bx/n/9 Figure 20|| 
 []


Overfull \hbox (78.5975pt too wide) has occurred while \output is active
[]|  [] 
 []


Package Fancyhdr Warning: \headheight is too small (12.0pt): 
 Make it at least 27.79994pt.
 We now make it that large for the rest of the document.
 This may cause the page layout to be inconsistent, however.

[12

] (./frsample07.aux)

LaTeX Warning: There were undefined references.


LaTeX Warning: There were multiply-defined labels.

 ) 
Here is how much of TeX's memory you used:
 2962 strings out of 494900
 43932 string characters out of 1178136
 231313 words of memory out of 3000000
 6045 multiletter control sequences out of 15000+50000
 7903 words of font info for 28 fonts, out of 3000000 for 9000
 101 hyphenation exceptions out of 8191
 35i,20n,43p,297b,796s stack positions out of 30000i,500n,32767p,200000b,50000s

Output written on frsample07.dvi (12 pages, 280104 bytes).
