This is pdfTeX, Version 3.1415926-1.40.10 (TeX Live 2009/Debian) (format=latex 2010.5.31)  14 JUL 2010 22:40
entering extended mode
 restricted \write18 enabled.
 %&-line parsing enabled.
**frsample12.tex
(./frsample12.tex
LaTeX2e <2009/09/24>
Babel <v3.8l> and hyphenation patterns for english, usenglishmax, dumylang, noh
yphenation, ibycus, monogreek, greek, ancientgreek, latin, portuguese, spanish,
 galician, catalan, loaded.
(./pictures.tex

LaTeX Warning: File `pslearn.eps' already exists on the system.
               Not generating it from this source.


LaTeX Warning: File `BlackCat.picture' already exists on the system.
               Not generating it from this source.


LaTeX Warning: File `BlackCat2.picture' already exists on the system.
               Not generating it from this source.


LaTeX Warning: File `Mouse.picture' already exists on the system.
               Not generating it from this source.


LaTeX Warning: File `TheCat.picture' already exists on the system.
               Not generating it from this source.


LaTeX Warning: File `BlackDog.picture' already exists on the system.
               Not generating it from this source.


LaTeX Warning: File `Bear.picture' already exists on the system.
               Not generating it from this source.


LaTeX Warning: File `Cat.picture' already exists on the system.
               Not generating it from this source.


LaTeX Warning: File `Cheese.picture' already exists on the system.
               Not generating it from this source.


LaTeX Warning: File `Doll.picture' already exists on the system.
               Not generating it from this source.


LaTeX Warning: File `Horse.picture' already exists on the system.
               Not generating it from this source.


LaTeX Warning: File `TheDog.picture' already exists on the system.
               Not generating it from this source.

) (/usr/share/texmf-texlive/tex/latex/base/book.cls
Document Class: book 2007/10/19 v1.4h Standard LaTeX document class
(/usr/share/texmf-texlive/tex/latex/base/bk10.clo
File: bk10.clo 2007/10/19 v1.4h Standard LaTeX file (size option)
)
\c@part=\count79
\c@chapter=\count80
\c@section=\count81
\c@subsection=\count82
\c@subsubsection=\count83
\c@paragraph=\count84
\c@subparagraph=\count85
\c@figure=\count86
\c@table=\count87
\abovecaptionskip=\skip41
\belowcaptionskip=\skip42
\bibindent=\dimen102
)
(/usr/share/texmf-texlive/tex/latex/graphics/color.sty
Package: color 2005/11/14 v1.0j Standard LaTeX Color (DPC)

(/etc/texmf/tex/latex/config/color.cfg
File: color.cfg 2007/01/18 v1.5 color configuration of teTeX/TeXLive
)
Package color Info: Driver file: dvips.def on input line 130.

(/usr/share/texmf-texlive/tex/latex/graphics/dvips.def
File: dvips.def 1999/02/16 v3.0i Driver-dependant file (DPC,SPQR)
)
(/usr/share/texmf-texlive/tex/latex/graphics/dvipsnam.def
File: dvipsnam.def 1999/02/16 v3.0i Driver-dependant file (DPC,SPQR)
))
(/usr/share/texmf-texlive/tex/latex/tools/calc.sty
Package: calc 2007/08/22 v4.3 Infix arithmetic (KKT,FJ)
\calc@Acount=\count88
\calc@Bcount=\count89
\calc@Adimen=\dimen103
\calc@Bdimen=\dimen104
\calc@Askip=\skip43
\calc@Bskip=\skip44
LaTeX Info: Redefining \setlength on input line 76.
LaTeX Info: Redefining \addtolength on input line 77.
\calc@Ccount=\count90
\calc@Cskip=\skip45
)
(/usr/share/texmf-texlive/tex/latex/tools/tabularx.sty
Package: tabularx 1999/01/07 v2.07 `tabularx' package (DPC)

(/usr/share/texmf-texlive/tex/latex/tools/array.sty
Package: array 2008/09/09 v2.4c Tabular extension package (FMi)
\col@sep=\dimen105
\extrarowheight=\dimen106
\NC@list=\toks14
\extratabsurround=\skip46
\backup@length=\skip47
)
\TX@col@width=\dimen107
\TX@old@table=\dimen108
\TX@old@col=\dimen109
\TX@target=\dimen110
\TX@delta=\dimen111
\TX@cols=\count91
\TX@ftn=\toks15
)
(/usr/share/texmf-texlive/tex/latex/floatrow/floatpagestyle.sty
Package: floatpagestyle 2005/10/02 v0.1h floating page style
)
(/usr/share/texmf-texlive/tex/latex/floatrow/floatrow.sty
Package: floatrow 2008/08/02 v0.3b floatrow: float package extension

(/usr/share/texmf-texlive/tex/latex/graphics/keyval.sty
Package: keyval 1999/03/16 v1.13 key=value parser (DPC)
\KV@toks@=\toks16
)
(/usr/share/texmf-texlive/tex/latex/caption/caption3.sty
Package: caption3 2009/10/09 v3.1k caption3 kernel (AR)
\captionmargin=\dimen112
\captionmargin@=\dimen113
\captionwidth=\dimen114
\caption@indent=\dimen115
\caption@parindent=\dimen116
\caption@hangindent=\dimen117
)
\c@float@type=\count92
\float@exts=\toks17
\float@box=\box26
\@floatcapt=\box27
Package floatrow Info: Modified float package code loaded on input line 455.
Package floatrow Info: Modified rotfloat package code loaded on input line 473.

\FR@everyfloat=\toks18
\flrow@foot=\insert233
\FB@wd=\dimen118
\FBo@wd=\dimen119
\FBc@wd=\dimen120
\FBo@ht=\skip48
\FBc@ht=\skip49
\FBf@ht=\skip50
\FBo@max=\skip51
\FBc@max=\skip52
\FBf@max=\skip53
\c@FBl@b=\count93
\floatbox@depth=\count94
\c@FRobj=\count95
\c@FRsobj=\count96
\Xhsize=\skip54
\sXhsize=\skip55
\Zhsize=\skip56
\sZhsize=\skip57
\flrow@rowbox=\box28
\FR@Zunitlength=\dimen121
\c@FBcnt=\count97
\FPOScnt=\count98
\LTleft=\skip58
\LTright=\skip59
\LTleft=\skip60
\LTright=\skip61
\flrow@types=\toks19
)
(/usr/share/texmf-texlive/tex/latex/floatrow/fr-fancy.sty
Package: fr-fancy 2007/11/28 v0.1i floatrow: fancy boxes

(/usr/share/texmf-texlive/tex/latex/fancybox/fancybox.sty
Package: fancybox 2000/09/19 1.3

Style option: `fancybox' v1.3 <2000/09/19> (tvz)
\@fancybox=\box29
\shadowsize=\dimen122
\@Sbox=\box30
\do@VerbBox=\toks20
\the@fancyput=\toks21
\this@fancyput=\toks22
\EndVerbatimTokens=\toks23
\Verbatim@Outfile=\write3
\Verbatim@Infile=\read1
)) (/usr/share/texmf-texlive/tex/latex/caption/caption.sty
Package: caption 2009/10/09 v3.1k Customizing captions (AR)
\c@ContinuedFloat=\count99
Package caption Info: float package is loaded.
Package caption Info: floatrow package is loaded.
)
(/usr/share/texmf-texlive/tex/latex/subfig/subfig.sty
Package: subfig 2005/06/28 ver: 1.3 subfig package
\c@KVtest=\count100
\sf@farskip=\skip62
\sf@captopadj=\dimen123
\sf@capskip=\skip63
\sf@nearskip=\skip64
\c@subfigure=\count101
\c@subfigure@save=\count102
\c@lofdepth=\count103
\c@subtable=\count104
\c@subtable@save=\count105
\c@lotdepth=\count106
\sf@top=\skip65
\sf@bottom=\skip66
)
\c@textbox=\count107

(/usr/share/texmf-texlive/tex/latex/rotating/rotating.sty
Package: rotating 2009/03/28 v2.16a rotated objects in LaTeX

(/usr/share/texmf-texlive/tex/latex/graphics/graphicx.sty
Package: graphicx 1999/02/16 v1.0f Enhanced LaTeX Graphics (DPC,SPQR)

(/usr/share/texmf-texlive/tex/latex/graphics/graphics.sty
Package: graphics 2009/02/05 v1.0o Standard LaTeX Graphics (DPC,SPQR)

(/usr/share/texmf-texlive/tex/latex/graphics/trig.sty
Package: trig 1999/03/16 v1.09 sin cos tan (DPC)
)
(/etc/texmf/tex/latex/config/graphics.cfg
File: graphics.cfg 2009/08/28 v1.8 graphics configuration of TeX Live
)
Package graphics Info: Driver file: dvips.def on input line 91.
)
\Gin@req@height=\dimen124
\Gin@req@width=\dimen125
)
(/usr/share/texmf-texlive/tex/latex/base/ifthen.sty
Package: ifthen 2001/05/26 v1.1c Standard LaTeX ifthen package (DPC)
)
\c@r@tfl@t=\count108
\rotFPtop=\skip67
\rotFPbot=\skip68
\rot@float@box=\box31
\rot@mess@toks=\toks24
)
(/usr/share/texmf-texlive/tex/latex/wrapfig/wrapfig.sty
\wrapoverhang=\dimen126
\WF@size=\dimen127
\c@WF@wrappedlines=\count109
\WF@box=\box32
\WF@everypar=\toks25
Package: wrapfig 2003/01/31  v 3.6
) (./frsample12.aux

LaTeX Warning: Label `subfig:wA' multiply defined.


LaTeX Warning: Label `sub@subfig:wA' multiply defined.


LaTeX Warning: Label `subfig:wB' multiply defined.


LaTeX Warning: Label `sub@subfig:wB' multiply defined.


LaTeX Warning: Label `floatbox:wbeside:text' multiply defined.

)
\openout1 = `frsample12.aux'.

LaTeX Font Info:    Checking defaults for OML/cmm/m/it on input line 137.
LaTeX Font Info:    ... okay on input line 137.
LaTeX Font Info:    Checking defaults for T1/cmr/m/n on input line 137.
LaTeX Font Info:    ... okay on input line 137.
LaTeX Font Info:    Checking defaults for OT1/cmr/m/n on input line 137.
LaTeX Font Info:    ... okay on input line 137.
LaTeX Font Info:    Checking defaults for OMS/cmsy/m/n on input line 137.
LaTeX Font Info:    ... okay on input line 137.
LaTeX Font Info:    Checking defaults for OMX/cmex/m/n on input line 137.
LaTeX Font Info:    ... okay on input line 137.
LaTeX Font Info:    Checking defaults for U/cmr/m/n on input line 137.
LaTeX Font Info:    ... okay on input line 137.
Package caption Info: Begin \AtBeginDocument code.
Package caption3 Info: subfig package 1.2 or 1.3 is loaded.
LaTeX Info: Redefining \subref on input line 137.
Package caption Info: rotating package is loaded.
Package caption Info: wrapfig package is loaded.
Package caption Info: End \AtBeginDocument code.
\c@subtextbox=\count110
\c@subtextbox@save=\count111
\c@lordepth=\count112
 (/usr/share/texmf-texlive/tex/latex/floatrow/fr-subfig.sty
Package: fr-subfig 2007/12/24 v0.1g (beta) floatrow: additions for subfig
\FBsc@max=\skip69
\FBso@max=\skip70
)
Chapter 1.
LaTeX Font Info:    Calculating math sizes for size <11> on input line 154.

LaTeX Font Warning: Font shape `OT1/cmr/m/n' in size <5.5> not available
(Font)              size <5> substituted on input line 154.


LaTeX Font Warning: Font shape `OML/cmm/m/it' in size <5.5> not available
(Font)              size <5> substituted on input line 154.


LaTeX Font Warning: Font shape `OMS/cmsy/m/n' in size <5.5> not available
(Font)              size <5> substituted on input line 154.

LaTeX Font Info:    External font `cmex10' loaded for size
(Font)              <11> on input line 154.
LaTeX Font Info:    External font `cmex10' loaded for size
(Font)              <7.69997> on input line 154.
LaTeX Font Info:    External font `cmex10' loaded for size
(Font)              <5.5> on input line 154.
[1



]
LaTeX Font Info:    External font `cmex10' loaded for size
(Font)              <8> on input line 235.
LaTeX Font Info:    External font `cmex10' loaded for size
(Font)              <6> on input line 235.
LaTeX Font Info:    External font `cmex10' loaded for size
(Font)              <5> on input line 235.
 [2] (./fr-sample.tex
LaTeX Font Info:    Font shape `OT1/cmtt/bx/n' in size <10> not available
(Font)              Font shape `OT1/cmtt/m/n' tried instead on input line 38.
 (./BlackCat.picture)
LaTeX Font Info:    External font `cmex10' loaded for size
(Font)              <9> on input line 44.
 [3



]
Underfull \hbox (badness 4291) in paragraph at lines 51--52
[]\OT1/cmr/bx/n/10 Example of plain \OT1/cmtt/m/n/10 textbox \OT1/cmr/bx/n/10 e
n-vi-ron-ment
 []

[4


] (./BlackCat.picture)
Underfull \hbox (badness 1924) in paragraph at lines 73--73
 \OT1/cmr/m/n/9 some more text and a 
 []


Overfull \hbox (2.99985pt too wide) detected at line 76
[] 
 []

[5


] (./BlackCat.picture) [6


]
Underfull \hbox (badness 4291) in paragraph at lines 100--102
[]\OT1/cmr/bx/n/10 Example of plain \OT1/cmtt/m/n/10 textbox \OT1/cmr/bx/n/10 e
n-vi-ron-ment
 []

[7


]
Underfull \hbox (badness 5008) in paragraph at lines 122--125
[]\OT1/cmr/bx/n/10 Example of fig-ure placed in []\OT1/cmtt/m/n/10 \ffigbox
 []

(./TheCat.picture) (./TheCat.picture) (./TheCat.picture) [8


]
(./BlackCat.picture) [9


] [10]
Underfull \hbox (badness 3333) in paragraph at lines 316--318
[]\OT1/cmr/bx/n/10 Example of plain two-column or wide
 []

[11


] [12]
Underfull \hbox (badness 3168) in paragraph at lines 329--331
\OT1/cmr/bx/n/10 en-vi-ron-ment (fig-ure 1.6[]) with pre-de-fined
 []

(./BlackCat.picture) [13


] [14]
File: pslearn.eps Graphic file (type eps)
 <pslearn.eps>
Underfull \hbox (badness 10000) in paragraph at lines 363--363
 []\OT1/cmss/bx/n/8 (a) |\OT1/cmss/m/n/8 The sim-ple 
 []


Underfull \hbox (badness 10000) in paragraph at lines 363--363
 []\OT1/cmss/bx/n/8 (a) |\OT1/cmss/m/n/8 The sim-ple 
 []

(./BlackDog.picture)
File: pslearn.eps Graphic file (type eps)
 <pslearn.eps>
Underfull \hbox (badness 10000) in paragraph at lines 363--363
 []\OT1/cmss/bx/n/8 (a) |\OT1/cmss/m/n/8 The sim-ple 
 []


Underfull \hbox (badness 10000) in paragraph at lines 363--363
 []\OT1/cmss/bx/n/8 (a) |\OT1/cmss/m/n/8 The sim-ple 
 []

(./BlackDog.picture)
File: pslearn.eps Graphic file (type eps)
 <pslearn.eps>
Underfull \hbox (badness 10000) in paragraph at lines 363--363
 []\OT1/cmss/bx/n/8 (a) |\OT1/cmss/m/n/8 The sim-ple 
 []


Underfull \hbox (badness 10000) in paragraph at lines 363--363
 []\OT1/cmss/bx/n/8 (a) |\OT1/cmss/m/n/8 The sim-ple 
 []

(./BlackDog.picture) [15


] [16]
File: pslearn.eps Graphic file (type eps)
 <pslearn.eps>
Underfull \hbox (badness 10000) in paragraph at lines 377--377
 []\OT1/cmss/bx/n/8 (a) |\OT1/cmss/m/n/8 The sim-ple 
 []


Underfull \hbox (badness 10000) in paragraph at lines 377--377
 []\OT1/cmss/bx/n/8 (a) |\OT1/cmss/m/n/8 The sim-ple 
 []

(./BlackDog.picture)
Overfull \hbox (0.66624pt too wide) detected at line 384
[] 
 []

[17


] [18]
File: pslearn.eps Graphic file (type eps)
 <pslearn.eps>
File: pslearn.eps Graphic file (type eps)
 <pslearn.eps>
File: pslearn.eps Graphic file (type eps)
 <pslearn.eps> [19


] [20] [21


] [22]
[23


] [24]
Underfull \hbox (badness 2050) in paragraph at lines 429--433
[]\OT1/cmr/bx/n/10 Example of `filled' row of fig-ures (fig-
 []


Underfull \hbox (badness 1168) in paragraph at lines 429--433
\OT1/cmr/bx/n/10 for fourth fig-ure in row which equals to
 []

LaTeX Font Info:    External font `cmex10' loaded for size
(Font)              <7> on input line 434.

Underfull \hbox (badness 1490) in paragraph at lines 438--440
\OT1/cmr/bx/n/10 just be-fore \OT1/cmtt/m/n/10 floatrow \OT1/cmr/bx/n/10 en-vi-
ron-ment. Since
 []

(./TheCat.picture)
Underfull \hbox (badness 10000) in paragraph at lines 449--449
\OT1/cmr/m/n/8 with \OT1/cmtt/m/n/8 pstricks\OT1/cmr/m/n/8 ' \OT1/cmtt/m/n/8 \p
sbezier
 []

(./TheCat.picture)
Underfull \hbox (badness 10000) in paragraph at lines 449--449
\OT1/cmr/m/n/8 with \OT1/cmtt/m/n/8 pstricks\OT1/cmr/m/n/8 ' \OT1/cmtt/m/n/8 \p
sbezier
 []

(./BlackCat.picture)
Underfull \hbox (badness 10000) in paragraph at lines 459--459
[]|\OT1/cmr/m/n/8 There are just
 []


Underfull \hbox (badness 10000) in paragraph at lines 459--459
\OT1/cmr/m/n/8 four \OT1/cmtt/m/n/8 \psellipse\OT1/cmr/m/n/8 ,
 []


Underfull \hbox (badness 10000) in paragraph at lines 459--459
\OT1/cmr/m/n/8 two \OT1/cmtt/m/n/8 \psbezier\OT1/cmr/m/n/8 , two
 []

(./BlackCat.picture)
Underfull \hbox (badness 10000) in paragraph at lines 459--459
[]|\OT1/cmr/m/n/8 There are just
 []


Underfull \hbox (badness 10000) in paragraph at lines 459--459
\OT1/cmr/m/n/8 four \OT1/cmtt/m/n/8 \psellipse\OT1/cmr/m/n/8 ,
 []


Underfull \hbox (badness 10000) in paragraph at lines 459--459
\OT1/cmr/m/n/8 two \OT1/cmtt/m/n/8 \psbezier\OT1/cmr/m/n/8 , two
 []

(./BlackCat.picture) (./Mouse.picture) (./Mouse.picture)
Underfull \hbox (badness 3942) in paragraph at lines 470--470
\OT1/cmr/m/n/9 side fig-ure IV in
 []

(./BlackCat2.picture)
Underfull \hbox (badness 3942) in paragraph at lines 470--470
\OT1/cmr/m/n/9 side fig-ure IV in
 []

(./BlackCat2.picture) [25


] [26]
Underfull \vbox (badness 10000) has occurred while \output is active []

\rotatedheight=\skip71
 [27

]
[28]
File: pslearn.eps Graphic file (type eps)
 <pslearn.eps> [29

]
File: pslearn.eps Graphic file (type eps)
 <pslearn.eps> [30


] [31]
File: pslearn.eps Graphic file (type eps)
 <pslearn.eps>
File: pslearn.eps Graphic file (type eps)
 <pslearn.eps>
File: pslearn.eps Graphic file (type eps)

<pslearn.eps> [32

]
File: pslearn.eps Graphic file (type eps)
 <pslearn.eps>
File: pslearn.eps Graphic file (type eps)
 <pslearn.eps>
File: pslearn.eps Graphic file (type eps)
 <pslearn.eps> [33


] [34]
File: pslearn.eps Graphic file (type eps)

<pslearn.eps>
File: pslearn.eps Graphic file (type eps)
 <pslearn.eps>
File: pslearn.eps Graphic file (type eps)
 <pslearn.eps> [35

]
File: pslearn.eps Graphic file (type eps)
 <pslearn.eps>
File: pslearn.eps Graphic file (type eps)
 <pslearn.eps>
File: pslearn.eps Graphic file (type eps)

<pslearn.eps> [36


] [37] [38

] [39


] [40] (./TheCat.picture)
Underfull \hbox (badness 1194) in paragraph at lines 691--691
[][]\OT1/cmr/m/n/8 The pic-ture was cre-ated with
 []


Overfull \hbox (4.1184pt too wide) in paragraph at lines 79--691
[][][] 
 []

(./TheCat.picture)
Underfull \hbox (badness 1194) in paragraph at lines 691--691
[][]\OT1/cmr/m/n/8 The pic-ture was cre-ated with
 []


Overfull \hbox (4.1184pt too wide) in paragraph at lines 79--691
[][][] 
 []

(./BlackCat.picture)
Underfull \hbox (badness 2245) in paragraph at lines 701--701
[]\OT1/cmr/bx/n/9 Figure 1.25. |\OT1/cmr/m/n/9 Be-side fig-
 []

(./BlackCat.picture)
Underfull \hbox (badness 2245) in paragraph at lines 701--701
[]\OT1/cmr/bx/n/9 Figure 1.25. |\OT1/cmr/m/n/9 Be-side fig-
 []

(./BlackCat.picture) (./Mouse.picture) (./Mouse.picture) (./BlackCat2.picture)
(./BlackCat2.picture) (./BlackCat2.picture) [41


] [42]
Underfull \hbox (badness 4120) in paragraph at lines 725--727
[]\OT1/cmr/bx/n/10 Example of `non-filled' float row (fig-
 []

(./TheCat.picture)
Underfull \hbox (badness 3229) in paragraph at lines 738--738
[][]\OT1/cmr/m/n/8 The pic-ture was cre-ated with \OT1/cmtt/m/n/8 pstricks\OT1/
cmr/m/n/8 '
 []


Overfull \hbox (4.11818pt too wide) in paragraph at lines 79--738
[][][] 
 []

(./TheCat.picture)
Underfull \hbox (badness 3229) in paragraph at lines 738--738
[][]\OT1/cmr/m/n/8 The pic-ture was cre-ated with \OT1/cmtt/m/n/8 pstricks\OT1/
cmr/m/n/8 '
 []


Overfull \hbox (4.11818pt too wide) in paragraph at lines 79--738
[][][] 
 []

(./BlackCat.picture) (./BlackCat.picture) (./BlackCat.picture) (./Mouse.picture
) (./Mouse.picture)
Underfull \hbox (badness 2799) in paragraph at lines 757--757
[][]\OT1/cmr/m/n/8 Look at funny foot-
 []

(./Mouse.picture)
Underfull \hbox (badness 2799) in paragraph at lines 757--757
[][]\OT1/cmr/m/n/8 Look at funny foot-
 []

[43


] [44]
Underfull \hbox (badness 5331) in paragraph at lines 768--769
[]\OT1/cmr/bx/n/10 Example of float row with textboxes
 []


Underfull \vbox (badness 10000) has occurred while \output is active []

 [45

]
[46]
Underfull \hbox (badness 10000) in paragraph at lines 797--816
[]\OT1/cmr/bx/n/10 See ex-am-ple of con-tin-ued textboxes
 []


Underfull \hbox (badness 1215) in paragraph at lines 797--816
\OT1/cmr/bx/n/10 (texts 12[]--12[] on the pages 48[]--49[]). The
 []

! Undefined control sequence.
l.888 \ifLoadSubcaption
                       
? X
 
Here is how much of TeX's memory you used:
 3318 strings out of 494900
 49767 string characters out of 1178136
 283193 words of memory out of 3000000
 6407 multiletter control sequences out of 15000+50000
 12312 words of font info for 44 fonts, out of 3000000 for 9000
 101 hyphenation exceptions out of 8191
 37i,15n,48p,526b,802s stack positions out of 30000i,500n,32767p,200000b,50000s
Output written on frsample12.dvi (46 pages, 470188 bytes).
