This is pdfTeX, Version 3.1415926-1.40.10 (TeX Live 2009/Debian) (format=latex 2010.5.31)  14 JUL 2010 22:39
entering extended mode
 restricted \write18 enabled.
 %&-line parsing enabled.
**frsample10.tex
(./frsample10.tex
LaTeX2e <2009/09/24>
Babel <v3.8l> and hyphenation patterns for english, usenglishmax, dumylang, noh
yphenation, ibycus, monogreek, greek, ancientgreek, latin, portuguese, spanish,
 galician, catalan, loaded.
(./pictures.tex

LaTeX Warning: File `pslearn.eps' already exists on the system.
               Not generating it from this source.


LaTeX Warning: File `BlackCat.picture' already exists on the system.
               Not generating it from this source.


LaTeX Warning: File `BlackCat2.picture' already exists on the system.
               Not generating it from this source.


LaTeX Warning: File `Mouse.picture' already exists on the system.
               Not generating it from this source.


LaTeX Warning: File `TheCat.picture' already exists on the system.
               Not generating it from this source.


LaTeX Warning: File `BlackDog.picture' already exists on the system.
               Not generating it from this source.


LaTeX Warning: File `Bear.picture' already exists on the system.
               Not generating it from this source.


LaTeX Warning: File `Cat.picture' already exists on the system.
               Not generating it from this source.


LaTeX Warning: File `Cheese.picture' already exists on the system.
               Not generating it from this source.


LaTeX Warning: File `Doll.picture' already exists on the system.
               Not generating it from this source.


LaTeX Warning: File `Horse.picture' already exists on the system.
               Not generating it from this source.


LaTeX Warning: File `TheDog.picture' already exists on the system.
               Not generating it from this source.

) (/usr/share/texmf-texlive/tex/latex/base/book.cls
Document Class: book 2007/10/19 v1.4h Standard LaTeX document class
(/usr/share/texmf-texlive/tex/latex/base/bk10.clo
File: bk10.clo 2007/10/19 v1.4h Standard LaTeX file (size option)
)
\c@part=\count79
\c@chapter=\count80
\c@section=\count81
\c@subsection=\count82
\c@subsubsection=\count83
\c@paragraph=\count84
\c@subparagraph=\count85
\c@figure=\count86
\c@table=\count87
\abovecaptionskip=\skip41
\belowcaptionskip=\skip42
\bibindent=\dimen102
)
(/usr/share/texmf-texlive/tex/latex/tools/calc.sty
Package: calc 2007/08/22 v4.3 Infix arithmetic (KKT,FJ)
\calc@Acount=\count88
\calc@Bcount=\count89
\calc@Adimen=\dimen103
\calc@Bdimen=\dimen104
\calc@Askip=\skip43
\calc@Bskip=\skip44
LaTeX Info: Redefining \setlength on input line 76.
LaTeX Info: Redefining \addtolength on input line 77.
\calc@Ccount=\count90
\calc@Cskip=\skip45
)
(/usr/share/texmf-texlive/tex/latex/tools/tabularx.sty
Package: tabularx 1999/01/07 v2.07 `tabularx' package (DPC)

(/usr/share/texmf-texlive/tex/latex/tools/array.sty
Package: array 2008/09/09 v2.4c Tabular extension package (FMi)
\col@sep=\dimen105
\extrarowheight=\dimen106
\NC@list=\toks14
\extratabsurround=\skip46
\backup@length=\skip47
)
\TX@col@width=\dimen107
\TX@old@table=\dimen108
\TX@old@col=\dimen109
\TX@target=\dimen110
\TX@delta=\dimen111
\TX@cols=\count91
\TX@ftn=\toks15
)
(/usr/share/texmf-texlive/tex/latex/floatrow/floatpagestyle.sty
Package: floatpagestyle 2005/10/02 v0.1h floating page style
)
(/usr/share/texmf-texlive/tex/latex/pstricks/pstricks.sty
Package: pstricks 2008/11/26 v0.40 LaTeX wrapper for `PSTricks' (RN,HV)

(/usr/share/texmf-texlive/tex/generic/pstricks/pstricks.tex
`PSTricks' v1.29  <2009/05/19> (tvz)
\pst@dima=\dimen112
\pst@dimb=\dimen113
\pst@dimc=\dimen114
\pst@dimd=\dimen115
\pst@dimg=\dimen116
\pst@dimh=\dimen117
\pst@hbox=\box26
\pst@boxg=\box27
\pst@cnta=\count92
\pst@cntb=\count93
\pst@cntc=\count94
\pst@cntd=\count95
\pst@cntg=\count96
\pst@cnth=\count97
\pst@toks=\toks16
(/usr/share/texmf-texlive/tex/generic/pstricks/pstricks.con)
\psunit=\dimen118
\psxunit=\dimen119
\psyunit=\dimen120
\pslinewidth=\dimen121
\pst@customdefs=\toks17
\pslinearc=\dimen122
\everypsbox=\toks18
\psframesep=\dimen123
\pslabelsep=\dimen124
\pst@shift=\dimen125
\theoverlaybox=\box28
)
File: pstricks.tex 2009/05/19 v1.29 `PSTricks' (tvz,hv)

(/usr/share/texmf/tex/latex/xcolor/xcolor.sty
Package: xcolor 2007/01/21 v2.11 LaTeX color extensions (UK)

(/etc/texmf/tex/latex/config/color.cfg
File: color.cfg 2007/01/18 v1.5 color configuration of teTeX/TeXLive
)
Package xcolor Info: Driver file: dvips.def on input line 225.

(/usr/share/texmf-texlive/tex/latex/graphics/dvips.def
File: dvips.def 1999/02/16 v3.0i Driver-dependant file (DPC,SPQR)
)
Package xcolor Info: Model `cmy' substituted by `cmy0' on input line 1337.
Package xcolor Info: Model `RGB' extended on input line 1353.
Package xcolor Info: Model `HTML' substituted by `rgb' on input line 1355.
Package xcolor Info: Model `Hsb' substituted by `hsb' on input line 1356.
Package xcolor Info: Model `tHsb' substituted by `hsb' on input line 1357.
Package xcolor Info: Model `HSB' substituted by `hsb' on input line 1358.
Package xcolor Info: Model `Gray' substituted by `gray' on input line 1359.
Package xcolor Info: Model `wave' substituted by `hsb' on input line 1360.
))
(/usr/share/texmf-texlive/tex/latex/floatrow/floatrow.sty
Package: floatrow 2008/08/02 v0.3b floatrow: float package extension

(/usr/share/texmf-texlive/tex/latex/graphics/keyval.sty
Package: keyval 1999/03/16 v1.13 key=value parser (DPC)
\KV@toks@=\toks19
)
(/usr/share/texmf-texlive/tex/latex/caption/caption3.sty
Package: caption3 2009/10/09 v3.1k caption3 kernel (AR)
\captionmargin=\dimen126
\captionmargin@=\dimen127
\captionwidth=\dimen128
\caption@indent=\dimen129
\caption@parindent=\dimen130
\caption@hangindent=\dimen131
)
\c@float@type=\count98
\float@exts=\toks20
\float@box=\box29
\@floatcapt=\box30
Package floatrow Info: Modified float package code loaded on input line 455.
Package floatrow Info: Modified rotfloat package code loaded on input line 473.

\FR@everyfloat=\toks21
\flrow@foot=\insert233
\FB@wd=\dimen132
\FBo@wd=\dimen133
\FBc@wd=\dimen134
\FBo@ht=\skip48
\FBc@ht=\skip49
\FBf@ht=\skip50
\FBo@max=\skip51
\FBc@max=\skip52
\FBf@max=\skip53
\c@FBl@b=\count99
\floatbox@depth=\count100
\c@FRobj=\count101
\c@FRsobj=\count102
\Xhsize=\skip54
\sXhsize=\skip55
\Zhsize=\skip56
\sZhsize=\skip57
\flrow@rowbox=\box31
\FR@Zunitlength=\dimen135
\c@FBcnt=\count103
\FPOScnt=\count104
\LTleft=\skip58
\LTright=\skip59
\LTleft=\skip60
\LTright=\skip61
\flrow@types=\toks22
)
(/usr/share/texmf-texlive/tex/latex/floatrow/listpen.sty
Package: listpen 2007/10/28 v0.1d list penalty managing
)
\c@textbox=\count105

(/usr/share/texmf-texlive/tex/latex/caption/caption.sty
Package: caption 2009/10/09 v3.1k Customizing captions (AR)
\c@ContinuedFloat=\count106
Package caption Info: float package is loaded.
Package caption Info: floatrow package is loaded.
)
(/usr/share/texmf-texlive/tex/latex/caption/subcaption.sty
Package: subcaption 2008/08/31 v1.0b Adding subcaptions (AR)
\c@subfigure=\count107
\c@subtable=\count108
)
(/usr/share/texmf-texlive/tex/latex/wrapfig/wrapfig.sty
\wrapoverhang=\dimen136
\WF@size=\dimen137
\c@WF@wrappedlines=\count109
\WF@box=\box32
\WF@everypar=\toks23
Package: wrapfig 2003/01/31  v 3.6
)
(/usr/share/texmf-texlive/tex/latex/rotating/rotating.sty
Package: rotating 2009/03/28 v2.16a rotated objects in LaTeX

(/usr/share/texmf-texlive/tex/latex/graphics/graphicx.sty
Package: graphicx 1999/02/16 v1.0f Enhanced LaTeX Graphics (DPC,SPQR)

(/usr/share/texmf-texlive/tex/latex/graphics/graphics.sty
Package: graphics 2009/02/05 v1.0o Standard LaTeX Graphics (DPC,SPQR)

(/usr/share/texmf-texlive/tex/latex/graphics/trig.sty
Package: trig 1999/03/16 v1.09 sin cos tan (DPC)
)
(/etc/texmf/tex/latex/config/graphics.cfg
File: graphics.cfg 2009/08/28 v1.8 graphics configuration of TeX Live
)
Package graphics Info: Driver file: dvips.def on input line 91.
)
\Gin@req@height=\dimen138
\Gin@req@width=\dimen139
)
(/usr/share/texmf-texlive/tex/latex/base/ifthen.sty
Package: ifthen 2001/05/26 v1.1c Standard LaTeX ifthen package (DPC)
)
\c@r@tfl@t=\count110
\rotFPtop=\skip62
\rotFPbot=\skip63
\rot@float@box=\box33
\rot@mess@toks=\toks24
) (./frsample10.aux

LaTeX Warning: Label `floatbox:beside:text' multiply defined.


LaTeX Warning: Label `floatbox:beside:figI' multiply defined.


LaTeX Warning: Label `floatbox:wbeside:text' multiply defined.

)
\openout1 = `frsample10.aux'.

LaTeX Font Info:    Checking defaults for OML/cmm/m/it on input line 99.
LaTeX Font Info:    ... okay on input line 99.
LaTeX Font Info:    Checking defaults for T1/cmr/m/n on input line 99.
LaTeX Font Info:    ... okay on input line 99.
LaTeX Font Info:    Checking defaults for OT1/cmr/m/n on input line 99.
LaTeX Font Info:    ... okay on input line 99.
LaTeX Font Info:    Checking defaults for OMS/cmsy/m/n on input line 99.
LaTeX Font Info:    ... okay on input line 99.
LaTeX Font Info:    Checking defaults for OMX/cmex/m/n on input line 99.
LaTeX Font Info:    ... okay on input line 99.
LaTeX Font Info:    Checking defaults for U/cmr/m/n on input line 99.
LaTeX Font Info:    ... okay on input line 99.
Package caption Info: Begin \AtBeginDocument code.
Package caption Info: rotating package is loaded.
Package caption Info: wrapfig package is loaded.
Package caption Info: End \AtBeginDocument code.

Chapter 1.
LaTeX Font Info:    External font `cmex10' loaded for size
(Font)              <7> on input line 109.
LaTeX Font Info:    External font `cmex10' loaded for size
(Font)              <5> on input line 109.
[1


]
LaTeX Font Info:    External font `cmex10' loaded for size
(Font)              <8> on input line 172.
LaTeX Font Info:    External font `cmex10' loaded for size
(Font)              <6> on input line 172.
 (./fr-sample.tex [2]
LaTeX Font Info:    Font shape `OT1/cmtt/bx/n' in size <10> not available
(Font)              Font shape `OT1/cmtt/m/n' tried instead on input line 38.
 (./BlackCat.picture)
LaTeX Font Info:    External font `cmex10' loaded for size
(Font)              <9> on input line 44.
 [3

] [4

] (./BlackCat.picture)
Overfull \hbox (1.49992pt too wide) detected at line 76
 [] 
 []

[5

] (./BlackCat.picture) [6

] [7

] (./TheCat.picture) (./TheCat.picture)
Underfull \hbox (badness 10000) in paragraph at lines 138--138
 []\OT1/cmr/bx/n/9 Figure 1.4. |\OT1/cmr/m/n/9 Float box 
 []


Underfull \hbox (badness 5288) in paragraph at lines 138--138
 \OT1/cmr/m/n/9 (\OT1/cmtt/m/n/9 \ffigbox\OT1/cmr/m/n/9 ) width of graph-ics. 
 []

(./TheCat.picture)
Underfull \hbox (badness 10000) in paragraph at lines 138--138
 []\OT1/cmr/bx/n/9 Figure 1.4. |\OT1/cmr/m/n/9 Float box 
 []


Underfull \hbox (badness 5288) in paragraph at lines 138--138
 \OT1/cmr/m/n/9 (\OT1/cmtt/m/n/9 \ffigbox\OT1/cmr/m/n/9 ) width of graph-ics. 
 []

[8

]

LaTeX Warning: Reference `floatbox:subfloat:text' on page 9 undefined on input 
line 235.

[9


]
File: pslearn.eps Graphic file (type eps)
 <pslearn.eps>
File: pslearn.eps Graphic file (type eps)
 <pslearn.eps>
File: pslearn.eps Graphic file (type eps)
 <pslearn.eps> [10

]

LaTeX Warning: Reference `floatbox:subfloat:text' on page 11 undefined on input
 line 269.

[11

]
File: pslearn.eps Graphic file (type eps)
 <pslearn.eps>
Overfull \hbox (1.49992pt too wide) detected at line 295
 [] 
 []

[12

]
File: pslearn.eps Graphic file (type eps)
 <pslearn.eps>
File: pslearn.eps Graphic file (type eps)
 <pslearn.eps>
File: pslearn.eps Graphic file (type eps)
 <pslearn.eps> [13

]
Underfull \hbox (badness 2158) in paragraph at lines 411--411
\OT1/cmr/m/n/9 width of ob-ject box equals to
 []


Underfull \hbox (badness 2158) in paragraph at lines 411--411
\OT1/cmr/m/n/9 width of ob-ject box equals to
 []

[14

] [15

] (./TheCat.picture)
Underfull \hbox (badness 10000) in paragraph at lines 449--449
[][]\OT1/cmr/m/n/8 The pic-ture
 []


Underfull \hbox (badness 10000) in paragraph at lines 449--449
\OT1/cmr/m/n/8 was cre-ated with
 []


Underfull \hbox (badness 1107) in paragraph at lines 449--449
 \OT1/cmr/m/n/9 float row. Ver-ti- 
 []

(./TheCat.picture)
Underfull \hbox (badness 10000) in paragraph at lines 449--449
[][]\OT1/cmr/m/n/8 The pic-ture
 []


Underfull \hbox (badness 10000) in paragraph at lines 449--449
\OT1/cmr/m/n/8 was cre-ated with
 []


Underfull \hbox (badness 1107) in paragraph at lines 449--449
 \OT1/cmr/m/n/9 float row. Ver-ti- 
 []

(./BlackCat.picture)
Underfull \hbox (badness 2050) in paragraph at lines 459--459
 \OT1/cmr/m/n/9 side fig-ure II in 
 []


Underfull \hbox (badness 10000) in paragraph at lines 459--459
 \OT1/cmr/m/n/9 wide float row. 
 []


Underfull \hbox (badness 10000) in paragraph at lines 459--459
 []|\OT1/cmr/m/n/8 There are just 
 []


Underfull \hbox (badness 10000) in paragraph at lines 459--459
 \OT1/cmr/m/n/8 four \OT1/cmtt/m/n/8 \psellipse\OT1/cmr/m/n/8 , 
 []


Underfull \hbox (badness 1264) in paragraph at lines 459--459
 \OT1/cmtt/m/n/8 \pspolygon \OT1/cmr/m/n/8 macros 
 []


Underfull \hbox (badness 10000) in paragraph at lines 459--459
 \OT1/cmr/m/n/8 used in cur-rent 
 []

(./BlackCat.picture)
Underfull \hbox (badness 2050) in paragraph at lines 459--459
 \OT1/cmr/m/n/9 side fig-ure II in 
 []


Underfull \hbox (badness 10000) in paragraph at lines 459--459
 \OT1/cmr/m/n/9 wide float row. 
 []


Underfull \hbox (badness 10000) in paragraph at lines 459--459
 []|\OT1/cmr/m/n/8 There are just 
 []


Underfull \hbox (badness 10000) in paragraph at lines 459--459
 \OT1/cmr/m/n/8 four \OT1/cmtt/m/n/8 \psellipse\OT1/cmr/m/n/8 , 
 []


Underfull \hbox (badness 1264) in paragraph at lines 459--459
 \OT1/cmtt/m/n/8 \pspolygon \OT1/cmr/m/n/8 macros 
 []


Underfull \hbox (badness 10000) in paragraph at lines 459--459
 \OT1/cmr/m/n/8 used in cur-rent 
 []

(./BlackCat.picture) (./Mouse.picture)
Underfull \hbox (badness 10000) in paragraph at lines 466--466
 []|\OT1/cmr/m/n/8 The Mouse-animal 
 []


Underfull \hbox (badness 4608) in paragraph at lines 466--466
 \OT1/cmr/m/n/9 side fig-ure III in 
 []


Underfull \hbox (badness 10000) in paragraph at lines 466--466
 \OT1/cmr/m/n/9 wide float row. 
 []


Underfull \hbox (badness 1789) in paragraph at lines 466--466
 \OT1/cmr/m/n/9 Flushed to top of 
 []

(./Mouse.picture)
Underfull \hbox (badness 10000) in paragraph at lines 466--466
 []|\OT1/cmr/m/n/8 The Mouse-animal 
 []


Underfull \hbox (badness 4608) in paragraph at lines 466--466
 \OT1/cmr/m/n/9 side fig-ure III in 
 []


Underfull \hbox (badness 10000) in paragraph at lines 466--466
 \OT1/cmr/m/n/9 wide float row. 
 []


Underfull \hbox (badness 1789) in paragraph at lines 466--466
 \OT1/cmr/m/n/9 Flushed to top of 
 []


Underfull \hbox (badness 3942) in paragraph at lines 470--470
 \OT1/cmr/m/n/9 side fig-ure IV in 
 []

(./BlackCat2.picture)
Underfull \hbox (badness 3942) in paragraph at lines 470--470
 \OT1/cmr/m/n/9 side fig-ure IV in 
 []

(./BlackCat2.picture) (./BlackCat2.picture) [16

] (./TheCat.picture)
Underfull \hbox (badness 7631) in paragraph at lines 491--491
\OT1/cmr/m/n/8 with \OT1/cmtt/m/n/8 pstricks\OT1/cmr/m/n/8 ' \OT1/cmtt/m/n/8 \p
sbezier
 []

(./TheCat.picture)
Underfull \hbox (badness 7631) in paragraph at lines 491--491
\OT1/cmr/m/n/8 with \OT1/cmtt/m/n/8 pstricks\OT1/cmr/m/n/8 ' \OT1/cmtt/m/n/8 \p
sbezier
 []

(./BlackCat.picture)
Underfull \hbox (badness 3118) in paragraph at lines 501--501
 []\OT1/cmr/bx/n/9 Figure 1.13. |\OT1/cmr/m/n/9 Be- 
 []


Underfull \hbox (badness 10000) in paragraph at lines 501--501
 []|\OT1/cmr/m/n/8 There are just four 
 []


Underfull \hbox (badness 10000) in paragraph at lines 501--501
 \OT1/cmtt/m/n/8 \psellipse\OT1/cmr/m/n/8 , two 
 []


Underfull \hbox (badness 10000) in paragraph at lines 501--501
 \OT1/cmtt/m/n/8 \psbezier\OT1/cmr/m/n/8 , two 
 []


Underfull \hbox (badness 10000) in paragraph at lines 501--501
 \OT1/cmtt/m/n/8 \pspolygon \OT1/cmr/m/n/8 macros 
 []

(./BlackCat.picture)
Underfull \hbox (badness 3118) in paragraph at lines 501--501
 []\OT1/cmr/bx/n/9 Figure 1.13. |\OT1/cmr/m/n/9 Be- 
 []


Underfull \hbox (badness 10000) in paragraph at lines 501--501
 []|\OT1/cmr/m/n/8 There are just four 
 []


Underfull \hbox (badness 10000) in paragraph at lines 501--501
 \OT1/cmtt/m/n/8 \psellipse\OT1/cmr/m/n/8 , two 
 []


Underfull \hbox (badness 10000) in paragraph at lines 501--501
 \OT1/cmtt/m/n/8 \psbezier\OT1/cmr/m/n/8 , two 
 []


Underfull \hbox (badness 10000) in paragraph at lines 501--501
 \OT1/cmtt/m/n/8 \pspolygon \OT1/cmr/m/n/8 macros 
 []

(./BlackCat.picture) (./Mouse.picture) (./Mouse.picture) (./Mouse.picture)
[17

]
\rotatedheight=\skip64
 [18

]
File: pslearn.eps Graphic file (type eps)
 <pslearn.eps> [19

] [20]
Overfull \hbox (5.68016pt too wide) in paragraph at lines 556--557
[]\OT1/cmr/bx/n/10 Example of plain wide ro-tated fig-ure (see fig-ure 1.16[] o
n the page 22[]). 
 []

File: pslearn.eps Graphic file (type eps)
<pslearn.eps> [21

] [22]
Overfull \hbox (6.15225pt too wide) in paragraph at lines 569--571
[]\OT1/cmr/bx/n/10 Example of ro-tated fig-ure in []\OT1/cmtt/m/n/10 \ffigbox \
OT1/cmr/bx/n/10 (see fig-ure 1.17[] on the page 24[])
 []

File: pslearn.eps Graphic file (type eps)
<pslearn.eps>
File: pslearn.eps Graphic file (type eps)
 <pslearn.eps>
File: pslearn.eps Graphic file (type eps)
 <pslearn.eps> [23

] [24]
File: pslearn.eps Graphic file (type eps)
 <pslearn.eps>
File: pslearn.eps Graphic file (type eps)

<pslearn.eps>
File: pslearn.eps Graphic file (type eps)
 <pslearn.eps> [25

] [26] [27

] [28] (./TheCat.picture)
Underfull \hbox (badness 1194) in paragraph at lines 691--691
[][]\OT1/cmr/m/n/8 The pic-ture was cre-ated with
 []


Overfull \hbox (4.1184pt too wide) in paragraph at lines 148--691
 [][][] 
 []

(./TheCat.picture)
Underfull \hbox (badness 1194) in paragraph at lines 691--691
[][]\OT1/cmr/m/n/8 The pic-ture was cre-ated with
 []


Overfull \hbox (4.1184pt too wide) in paragraph at lines 148--691
 [][][] 
 []

(./BlackCat.picture)
Underfull \hbox (badness 10000) in paragraph at lines 701--701
 []|\OT1/cmr/m/n/8 There are just four 
 []

(./BlackCat.picture)
Underfull \hbox (badness 10000) in paragraph at lines 701--701
 []|\OT1/cmr/m/n/8 There are just four 
 []

(./BlackCat.picture) (./Mouse.picture) (./Mouse.picture) (./BlackCat2.picture)
(./BlackCat2.picture) (./BlackCat2.picture) (./BlackCat2.picture) [29

] [30]
(./TheCat.picture)
Underfull \hbox (badness 3229) in paragraph at lines 738--738
[][]\OT1/cmr/m/n/8 The pic-ture was cre-ated with \OT1/cmtt/m/n/8 pstricks\OT1/
cmr/m/n/8 '
 []


Overfull \hbox (4.11818pt too wide) in paragraph at lines 148--738
 [][][] 
 []

(./TheCat.picture)
Underfull \hbox (badness 3229) in paragraph at lines 738--738
[][]\OT1/cmr/m/n/8 The pic-ture was cre-ated with \OT1/cmtt/m/n/8 pstricks\OT1/
cmr/m/n/8 '
 []


Overfull \hbox (4.11818pt too wide) in paragraph at lines 148--738
 [][][] 
 []

(./BlackCat.picture)
Underfull \hbox (badness 10000) in paragraph at lines 750--750
 []|\OT1/cmr/m/n/8 There are just four 
 []


Underfull \hbox (badness 10000) in paragraph at lines 750--750
 \OT1/cmtt/m/n/8 \psellipse\OT1/cmr/m/n/8 , two 
 []


Underfull \hbox (badness 10000) in paragraph at lines 750--750
 \OT1/cmtt/m/n/8 \psbezier\OT1/cmr/m/n/8 , two 
 []


Underfull \hbox (badness 10000) in paragraph at lines 750--750
 \OT1/cmtt/m/n/8 \pspolygon \OT1/cmr/m/n/8 macros 
 []

(./BlackCat.picture)
Underfull \hbox (badness 10000) in paragraph at lines 750--750
 []|\OT1/cmr/m/n/8 There are just four 
 []


Underfull \hbox (badness 10000) in paragraph at lines 750--750
 \OT1/cmtt/m/n/8 \psellipse\OT1/cmr/m/n/8 , two 
 []


Underfull \hbox (badness 10000) in paragraph at lines 750--750
 \OT1/cmtt/m/n/8 \psbezier\OT1/cmr/m/n/8 , two 
 []


Underfull \hbox (badness 10000) in paragraph at lines 750--750
 \OT1/cmtt/m/n/8 \pspolygon \OT1/cmr/m/n/8 macros 
 []

(./BlackCat.picture) (./Mouse.picture) (./Mouse.picture)
Underfull \hbox (badness 6559) in paragraph at lines 757--757
 \OT1/cmr/m/n/9 fig-ure III in wide 
 []


Underfull \hbox (badness 10000) in paragraph at lines 757--757
 \OT1/cmr/m/n/9 ro-tated float row. 
 []


Underfull \hbox (badness 5147) in paragraph at lines 757--757
 \OT1/cmr/m/n/9 Flushed to top of 
 []

(./Mouse.picture)
Underfull \hbox (badness 6559) in paragraph at lines 757--757
 \OT1/cmr/m/n/9 fig-ure III in wide 
 []


Underfull \hbox (badness 10000) in paragraph at lines 757--757
 \OT1/cmr/m/n/9 ro-tated float row. 
 []


Underfull \hbox (badness 5147) in paragraph at lines 757--757
 \OT1/cmr/m/n/9 Flushed to top of 
 []

[31

] [32] [33

] [34] [35

] [36] [37] [38] (./TheCat.picture)
Underfull \hbox (badness 1297) in paragraph at lines 857--857
 []\OT1/cmr/bx/n/9 Figure 1.26. |\OT1/cmr/m/n/9 Wrapped 
 []


Underfull \hbox (badness 3407) in paragraph at lines 858--858
 []|\OT1/cmr/m/n/8 The \OT1/cmtt/m/n/8 BOXED \OT1/cmr/m/n/8 style could get 
 []

[39

] (./TheCat.picture) (./TheCat.picture) [40

] (./Cat.picture) (./Cat.picture) (./TheCat.picture) (./TheCat.picture) (./Cat.
picture) (./Cat.picture)
(./TheCat.picture) (./TheCat.picture) (./BlackCat.picture) (./BlackCat.picture)

Overfull \hbox (4.08827pt too wide) in paragraph at lines 900--914
[]\OT1/cmr/bx/n/10 The small test-ing ex-am-ple (fig-ures 1.28[] and 1.29[]) us
es both \OT1/cmtt/m/n/10 floatrow
 []

(./Cat.picture) (./Cat.picture) (./Cat.picture) (./TheCat.picture)
(./TheCat.picture) (./TheCat.picture) (./Cat.picture) (./Cat.picture)
(./Cat.picture) (./TheCat.picture) (./TheCat.picture) (./TheCat.picture)
(./Cat.picture) (./Cat.picture) (./Cat.picture) (./TheCat.picture)
(./TheCat.picture) (./TheCat.picture) (./BlackCat.picture) (./BlackCat.picture)

Overfull \hbox (4.08827pt too wide) in paragraph at lines 918--932
[]\OT1/cmr/bx/n/10 The small test-ing ex-am-ple (fig-ures 1.30[] and 1.31[]) us
es both \OT1/cmtt/m/n/10 floatrow
 []


Overfull \hbox (1.19934pt too wide) in paragraph at lines 918--932
\OT1/cmr/bx/n/10 and \OT1/cmtt/m/n/10 subfloatrow \OT1/cmr/bx/n/10 en-vi-ron-me
nt. For cap-tions of the graphic parts 1.30,\OT1/cmr/bx/it/10 a[]
 []

) [41

] [42] (./frsample10.aux)

LaTeX Warning: There were undefined references.


LaTeX Warning: There were multiply-defined labels.

 ) 
Here is how much of TeX's memory you used:
 4335 strings out of 494900
 59719 string characters out of 1178136
 170202 words of memory out of 3000000
 7347 multiletter control sequences out of 15000+50000
 10334 words of font info for 37 fonts, out of 3000000 for 9000
 101 hyphenation exceptions out of 8191
 37i,21n,57p,531b,1074s stack positions out of 30000i,500n,32767p,200000b,50000s

Output written on frsample10.dvi (42 pages, 219092 bytes).
