This is pdfTeXk, Version 3.141592-1.40.3 (Web2C 7.5.6) (format=pdflatex 2012.1.5)  16 JAN 2012 15:15
entering extended mode
 %&-line parsing enabled.
**tocvsec2.dtx
(./tocvsec2.dtx
LaTeX2e <2005/12/01>
Babel <v3.8h> and hyphenation patterns for english, usenglishmax, dumylang, noh
yphenation, arabic, basque, bulgarian, coptic, welsh, czech, slovak, german, ng
erman, danish, esperanto, spanish, catalan, galician, estonian, farsi, finnish,
 french, greek, monogreek, ancientgreek, croatian, hungarian, interlingua, ibyc
us, indonesian, icelandic, italian, latin, mongolian, dutch, norsk, polish, por
tuguese, pinyin, romanian, russian, slovenian, uppersorbian, serbian, swedish, 
turkish, ukenglish, ukrainian, loaded.
File: tocvsec2.dtx 2011/08/07 v1.3 variable ToC section entries
(/usr/share/texmf/tex/latex/base/ltxdoc.cls
Document Class: ltxdoc 1999/08/08 v2.0u Standard LaTeX documentation class
(/usr/share/texmf/tex/latex/base/article.cls
Document Class: article 2005/09/16 v1.4f Standard LaTeX document class
(/usr/share/texmf/tex/latex/base/size10.clo
File: size10.clo 2005/09/16 v1.4f Standard LaTeX file (size option)
)
\c@part=\count79
\c@section=\count80
\c@subsection=\count81
\c@subsubsection=\count82
\c@paragraph=\count83
\c@subparagraph=\count84
\c@figure=\count85
\c@table=\count86
\abovecaptionskip=\skip41
\belowcaptionskip=\skip42
\bibindent=\dimen102
)
(/usr/share/texmf/tex/latex/base/doc.sty
Package: doc 2006/02/02 v2.1d Standard LaTeX documentation package (FMi)
\c@StandardModuleDepth=\count87
\guard@level=\count88
\MacrocodeTopsep=\skip43
\MacroIndent=\dimen103
\macro@cnt=\count89
\MacroTopsep=\skip44
\index@excludelist=\toks14

(/usr/share/texmf/tex/latex/tools/multicol.sty
Package: multicol 2006/05/18 v1.6g multicolumn formatting (FMi)
\c@tracingmulticols=\count90
\mult@box=\box26
\multicol@leftmargin=\dimen104
\c@unbalance=\count91
\c@collectmore=\count92
\doublecol@number=\count93
\multicoltolerance=\count94
\multicolpretolerance=\count95
\full@width=\dimen105
\page@free=\dimen106
\premulticols=\dimen107
\postmulticols=\dimen108
\multicolsep=\skip45
\multicolbaselineskip=\skip46
\partial@page=\box27
\last@line=\box28
\mult@rightbox=\box29
\mult@grightbox=\box30
\mult@gfirstbox=\box31
\mult@firstbox=\box32
\@tempa=\box33
\@tempa=\box34
\@tempa=\box35
\@tempa=\box36
\@tempa=\box37
\@tempa=\box38
\@tempa=\box39
\@tempa=\box40
\@tempa=\box41
\@tempa=\box42
\@tempa=\box43
\@tempa=\box44
\@tempa=\box45
\@tempa=\box46
\@tempa=\box47
\@tempa=\box48
\@tempa=\box49
\c@columnbadness=\count96
\c@finalcolumnbadness=\count97
\last@try=\dimen109
\multicolovershoot=\dimen110
\multicolundershoot=\dimen111
\mult@nat@firstbox=\box50
\colbreak@box=\box51
)
\IndexMin=\dimen112
\c@IndexColumns=\count98
\GlossaryMin=\dimen113
\c@GlossaryColumns=\count99
\check@sum=\count100
\bslash@cnt=\count101
\wrong@table=\toks15
\c@CodelineNo=\count102
))
\@indexfile=\write3
\openout3 = `tocvsec2.idx'.


Writing index file tocvsec2.idx
(./tocvsec2.aux)
\openout1 = `tocvsec2.aux'.

LaTeX Font Info:    Checking defaults for OML/cmm/m/it on input line 33.
LaTeX Font Info:    ... okay on input line 33.
LaTeX Font Info:    Checking defaults for T1/cmr/m/n on input line 33.
LaTeX Font Info:    ... okay on input line 33.
LaTeX Font Info:    Checking defaults for OT1/cmr/m/n on input line 33.
LaTeX Font Info:    ... okay on input line 33.
LaTeX Font Info:    Checking defaults for OMS/cmsy/m/n on input line 33.
LaTeX Font Info:    ... okay on input line 33.
LaTeX Font Info:    Checking defaults for OMX/cmex/m/n on input line 33.
LaTeX Font Info:    ... okay on input line 33.
LaTeX Font Info:    Checking defaults for U/cmr/m/n on input line 33.
LaTeX Font Info:    ... okay on input line 33.
Package doc Info: Made | a short reference for \verb on input line 33.
 (./tocvsec2.dtx
LaTeX Font Info:    External font `cmex10' loaded for size
(Font)              <17.28> on input line 109.
LaTeX Font Info:    External font `cmex10' loaded for size
(Font)              <12> on input line 109.
LaTeX Font Info:    External font `cmex10' loaded for size
(Font)              <8> on input line 109.
LaTeX Font Info:    External font `cmex10' loaded for size
(Font)              <6> on input line 109.
LaTeX Font Info:    External font `cmex10' loaded for size
(Font)              <5> on input line 109.
 (./tocvsec2.toc
LaTeX Font Info:    External font `cmex10' loaded for size
(Font)              <7> on input line 3.
)
\tf@toc=\write4
\openout4 = `tocvsec2.toc'.

 [1

{/usr/share/texmf/fonts/map/pdftex/updmap/pdftex.map}] [2] [3] [4]
LaTeX Font Info:    External font `cmex10' loaded for size
(Font)              <9> on input line 354.

Overfull \hbox (51.98607pt too wide) in paragraph at lines 373--376
[]\OT1/cmr/m/n/10 A helper macro to set a sectioning-related counter. Call as [
]\OT1/cmtt/m/n/10 \@setseccntt@c{$\OMS/cmsy/m/n/10 h$[]\OT1/cmr/m/it/10 sec$\OM
S/cmsy/m/n/10 i$[][]\OT1/cmtt/m/n/10 }{$\OMS/cmsy/m/n/10 h$[]\OT1/cmr/m/it/10 c
ounter$\OMS/cmsy/m/n/10 i$[][]\OT1/cmtt/m/n/10 }
 []

[5]
Overfull \hbox (5.31265pt too wide) in paragraph at lines 410--410
 [][]      \OT1/cmtt/m/n/9 I'll ignore it. Type \space <return> and I'll contin
ue.\MessageBreak 
 []


Overfull \hbox (47.83716pt too wide) in paragraph at lines 410--410
 [][]      \OT1/cmtt/m/n/9 If you haven't mistyped the name then use \protect\s
etcounter\space instead.} 
 []


Overfull \hbox (0.5877pt too wide) in paragraph at lines 459--459
 [][]    \OT1/cmtt/m/n/9 \addtocontents{toc}{\save@tocdepth\protect\setcounter{
tocdepth}{-10}} 
 []


Overfull \hbox (5.31265pt too wide) in paragraph at lines 459--459
 [][]      \OT1/cmtt/m/n/9 \addtocontents{toc}{\save@tocdepth\protect\setcounte
r{tocdepth}{-1}} 
 []


Overfull \hbox (0.5877pt too wide) in paragraph at lines 459--459
 [][]      \OT1/cmtt/m/n/9 \addtocontents{toc}{\save@tocdepth\protect\setcounte
r{tocdepth}{0}} 
 []

[6]
Overfull \hbox (0.5877pt too wide) in paragraph at lines 459--459
 [][]    \OT1/cmtt/m/n/9 \addtocontents{toc}{\save@tocdepth\protect\setcounter{
tocdepth}{100}} 
 []

[7]
Overfull \hbox (14.76254pt too wide) in paragraph at lines 548--548
 [][]      \OT1/cmtt/m/n/9 \PackageWarning{tocvsec2}{There is no previous value
 for secnumdepth}% 
 []


Overfull \hbox (10.0376pt too wide) in paragraph at lines 548--548
 [][]      \OT1/cmtt/m/n/9 \expandafter\c@secnumdepth\expandafter\numexpr\stack
@secnumdepth\@nil 
 []

[8]
No file tocvsec2.ind.
) [9] (./tocvsec2.aux) ) 
Here is how much of TeX's memory you used:
 624 strings out of 256216
 7404 string characters out of 1917073
 60915 words of memory out of 1500000
 3948 multiletter control sequences out of 10000+200000
 14159 words of font info for 50 fonts, out of 1200000 for 2000
 645 hyphenation exceptions out of 8191
 30i,6n,21p,227b,397s stack positions out of 5000i,500n,6000p,200000b,15000s
</usr/share/texmf/fonts/type1/bluesky/cm/cmbx10.pfb></u
sr/share/texmf/fonts/type1/bluesky/cm/cmbx12.pfb></usr/share/texmf/fonts/type1/
bluesky/cm/cmbx9.pfb></usr/share/texmf/fonts/type1/bluesky/cm/cmcsc10.pfb></usr
/share/texmf/fonts/type1/bluesky/cm/cmmi10.pfb></usr/share/texmf/fonts/type1/bl
uesky/cm/cmmi7.pfb></usr/share/texmf/fonts/type1/bluesky/cm/cmmi9.pfb></usr/sha
re/texmf/fonts/type1/bluesky/cm/cmr10.pfb></usr/share/texmf/fonts/type1/bluesky
/cm/cmr12.pfb></usr/share/texmf/fonts/type1/bluesky/cm/cmr17.pfb></usr/share/te
xmf/fonts/type1/bluesky/cm/cmr7.pfb></usr/share/texmf/fonts/type1/bluesky/cm/cm
r8.pfb></usr/share/texmf/fonts/type1/bluesky/cm/cmr9.pfb></usr/share/texmf/font
s/type1/bluesky/cm/cmsl9.pfb></usr/share/texmf/fonts/type1/bluesky/cm/cmss10.pf
b></usr/share/texmf/fonts/type1/bluesky/cm/cmss17.pfb></usr/share/texmf/fonts/t
ype1/bluesky/cm/cmss9.pfb></usr/share/texmf/fonts/type1/bluesky/cm/cmssbx10.pfb
></usr/share/texmf/fonts/type1/bluesky/cm/cmsy10.pfb></usr/share/texmf/fonts/ty
pe1/bluesky/cm/cmsy6.pfb></usr/share/texmf/fonts/type1/bluesky/cm/cmsy7.pfb></u
sr/share/texmf/fonts/type1/bluesky/cm/cmsy9.pfb></usr/share/texmf/fonts/type1/b
luesky/cm/cmti10.pfb></usr/share/texmf/fonts/type1/bluesky/cm/cmtt10.pfb></usr/
share/texmf/fonts/type1/bluesky/cm/cmtt12.pfb></usr/share/texmf/fonts/type1/blu
esky/cm/cmtt8.pfb></usr/share/texmf/fonts/type1/bluesky/cm/cmtt9.pfb>
Output written on tocvsec2.pdf (9 pages, 158081 bytes).
PDF statistics:
 140 PDF objects out of 1000 (max. 8388607)
 0 named destinations out of 1000 (max. 131072)
 1 words of extra memory for PDF output out of 10000 (max. 10000000)

